5, 474261, 698459, 479125, 486546, 442306, 4369045, 588487, 1738405, 432442, 426614, 431496, 5174254, 937296, 7506056, 596041, 385947, 638634, 389598, 372254
10, 2541749, 4761636, 1683675, 1207271, 3934902, 2785741, 1287027, 1158871, 1239029, 1889313, 17510984, 1582645, 1788295, 1240680, 1205456, 1141767, 2913578, 1185317, 1192541
15, 8762520, 1213949, 1191160, 13032245, 1257201, 1211611, 2352826, 1831875, 1734729, 20368449, 3621013, 16498673, 890570, 843626, 1202608, 1281498, 1485359, 929351, 780223
20, 814041, 823910, 1187328, 819740, 1220659, 6853401, 1196468, 1472685, 1177289, 1205064, 1191696, 1037210, 1009290, 1241401, 5226680, 1159205, 924036, 1123117, 1100760
25, 1431348, 1240303, 1344051, 1270753, 1790254, 3093807, 2574007, 1206562, 909584, 1587772, 8070718, 7909921, 1220221, 1056856, 1937579, 3821796, 1595471, 3803326, 1052596
30, 2100991, 1185289, 963931, 1930590, 7277725, 1378133, 987775, 1879392, 1569987, 4594257, 1601615, 998992, 960877, 4668429, 7022107, 1569420, 1115945, 1754205, 1624256
35, 1263062, 2183131, 9898505, 1641756, 1118531, 2899967, 2851162, 1258619, 1620848, 1572294, 1567264, 1594980, 1079470, 1531373, 1226843, 1525648, 1924235, 1846292, 1478939
40, 1439617, 1674278, 1750539, 1688646, 1451590, 7008197, 2096407, 1694033, 4050466, 1878152, 3231203, 2760889, 4855110, 1692216, 2001477, 1357825, 1848046, 2381882, 31711504
45, 1753346, 7955071, 2370359, 17688153, 1916097, 1624658, 2453337, 2400632, 1248173, 9707638, 2058894, 1858782, 2037287, 2461553, 2044320, 1521922, 1332670, 1684804, 3391496
50, 3940095, 1601221, 3352320, 1677598, 2489552, 13206966, 2017662, 2598504, 2000497, 23356166, 3132883, 4541706, 1676299, 2232887, 3480497, 4095410, 8302392, 2353265, 2010481
55, 2127434, 2847850, 2134876, 2091189, 10725792, 2334644, 1870630, 1369480, 1935519, 1653562, 3451743, 2492472, 2731451, 3411687, 3782452, 3674109, 3201399, 2927500, 3225120
60, 2909140, 2373156, 1925023, 1989755, 2455073, 2234912, 1705302, 2444187, 1815803, 1729085, 2039626, 1728036, 2230266, 2407808, 1655886, 3124162, 2142494, 2537545, 2125108
65, 5796724, 2327457, 2906616, 2117206, 2334415, 4673675, 2777846, 2541625, 2020725, 5111257, 2098981, 1664035, 3179624, 2569873, 2007827, 1936675, 2006647, 2641771, 1997887
70, 3303777, 4643430, 3607470, 3747886, 4800204, 11445929, 3982951, 14551394, 3918474, 5205522, 4612973, 3436729, 3709609, 5322278, 10611355, 5167747, 6619742, 5140038, 4708076
75, 2408619, 3948642, 2089241, 3146367, 2905929, 6309577, 2023000, 2288035, 3415355, 12842913, 3035416, 2331009, 1921733, 2757237, 1716474, 2946082, 1830286, 2818217, 2048036
80, 2041950, 1979814, 3113067, 7667886, 3690626, 2090169, 2843161, 2761442, 2713655, 2342038, 3920246, 2790139, 2735987, 2646973, 2141166, 2492864, 2502782, 2809408, 3243693
85, 2307418, 2596007, 3806819, 3802169, 2440466, 2396268, 2964243, 2636817, 3226416, 2449406, 3205756, 2786540, 2120830, 3906707, 2286939, 2840929, 2531163, 4425459, 3049458
90, 2600413, 2041444, 2424439, 2516174, 3020203, 3000364, 2528847, 1509379, 1651208, 1770105, 1678234, 1706075, 2546780, 2012825, 1725758, 1784507, 1622145, 2242766, 3237116
95, 3070868, 2413747, 2557482, 1908390, 2853626, 2963998, 2658836, 2607636, 2464426, 2539865, 2109129, 1783095, 2774307, 2541140, 3576876, 2061134, 6297115, 3681860, 2899781
100, 3278392, 3505618, 2480424, 2339365, 2879925, 2694740, 2477724, 2319046, 1350880, 3056632, 2355844, 3060856, 2286722, 3227144, 2159952, 1902562, 1400774, 1846701, 2028799
105, 1572037, 1896342, 3235434, 2684018, 2635891, 3107941, 2796724, 2886782, 3148746, 2561158, 1520526, 1573952, 1822009, 1847513, 2403237, 2335014, 3221830, 2233579, 2174663
110, 3283881, 3870325, 3277179, 3540883, 2839553, 3453193, 2758210, 3223107, 2880388, 2973482, 3389025, 2553697, 4153476, 3030911, 6160763, 3190424, 3948077, 5456775, 2619000
115, 3373486, 3003755, 3607808, 3053589, 3240975, 3528192, 2526195, 3231504, 2722355, 2929857, 5006147, 5313878, 3517415, 4764765, 3187891, 3082229, 4163902, 3954879, 4071238
120, 3109046, 2425487, 3012159, 3261091, 3312409, 3882270, 3183845, 3487643, 3725105, 3500472, 5224974, 2857085, 5213679, 3203881, 2505422, 3622348, 3007708, 3609249, 3861603
125, 2652650, 2781059, 3931993, 3195820, 3214814, 4254208, 3128511, 4484705, 2768956, 3110757, 3409402, 3749914, 1780254, 3462640, 3173800, 2515233, 2739554, 3935007, 3353151
130, 4043738, 3088538, 2392714, 3375350, 3349395, 2457709, 2678535, 3476158, 3396590, 5608009, 4188937, 2495930, 3494078, 3992967, 2478109, 3751776, 3259987, 2727966, 2225496
135, 4174216, 4652918, 3878554, 2659468, 2533605, 3618902, 3555463, 4584268, 3328313, 2731169, 5380812, 3820227, 3295166, 3703963, 3467373, 4048127, 29041555, 3281701, 15094630
140, 8636402, 7677959, 21979971, 4159825, 6179089, 7515346, 3750476, 4221224, 2897723, 2762880, 3827911, 3158590, 3367366, 2851800, 4740439, 3240717, 3506795, 3293892, 3848347
145, 3791785, 2603815, 4224009, 2395463, 1511661, 2648015, 1885154, 2640133, 1506085, 2029431, 4435231, 3368664, 2854183, 4495070, 2146011, 4845201, 11192747, 2561307, 3261906
150, 3189924, 5046719, 3464724, 2412428, 6227973, 3325042, 3291254, 3609670, 4091053, 5251957, 3265682, 2930333, 3810703, 3076500, 3166318, 3721396, 3170648, 4116576, 2535375
155, 5378751, 3252794, 2411721, 3802217, 3932371, 3745446, 4228979, 2737048, 4242211, 3659828, 3321360, 3506415, 4093497, 4464254, 3793831, 3705418, 3643182, 5301128, 4468893
160, 2975276, 2532527, 3137702, 3740029, 2567523, 2974680, 4845691, 3767602, 2724950, 3395468, 4825770, 2195249, 3069550, 4467735, 5176456, 3457433, 4647042, 3809224, 3709613
165, 3255691, 4335967, 4046225, 3518247, 2754228, 4009897, 4810776, 3126392, 2885876, 3835311, 3773711, 3930854, 3518958, 2792572, 2039855, 3088586, 16094526, 5546875, 5689468
170, 2696807, 3028889, 3696464, 2722668, 2453195, 2411588, 3556488, 3149263, 2455296, 2487156, 2386563, 2713844, 2769702, 2194712, 2065945, 3573496, 3551712, 2737881, 4076138
175, 2941216, 2484088, 2893744, 2975603, 3973477, 2940332, 1889009, 3254486, 3393645, 3625084, 2565121, 2409484, 3129139, 2884367, 3035656, 2527358, 3846180, 2669325, 2171153
180, 2362413, 3005375, 2926981, 2821564, 2997197, 3839385, 3164313, 2055782, 3316845, 6586533, 4387987, 4834452, 4185625, 3253684, 2656535, 3103316, 2741618, 2996391, 4135242
185, 3476763, 3022233, 3377379, 3133074, 2880196, 3725668, 3440141, 3186221, 2787690, 3483415, 2974932, 2990182, 2742431, 2907976, 2501886, 3117770, 2693281, 3113646, 2829180
190, 3875511, 3512101, 6275596, 4715369, 5565745, 3618037, 3578868, 2586977, 3813646, 4610919, 3646918, 3909166, 4767757, 2834607, 3673330, 5595452, 3073302, 2614931, 3457510
195, 4526776, 2084233, 5244040, 4784337, 3769456, 3637361, 4435444, 4432847, 3918742, 2823027, 3013989, 5729337, 4152927, 4358394, 3408327, 3839205, 3720684, 1996247, 4310000
200, 3379375, 3427593, 3271969, 4120084, 4749758, 3592874, 2968898, 3442681, 4986313, 5940713, 4778943, 4044908, 3810783, 3786273, 5360731, 3879388, 5028634, 4488874, 4690225
205, 3028315, 4331554, 3607449, 2296409, 2748339, 3664731, 4246616, 3460546, 3045413, 3425587, 4246735, 4978886, 3419264, 4047080, 4075667, 4519894, 2913940, 4562988, 4844908
210, 3657941, 4166564, 2956158, 3268645, 3775833, 2181079, 3730311, 3897411, 4549883, 3506697, 4152689, 4214247, 3979360, 3380283, 2668973, 3530686, 3163678, 3427573, 3310927
215, 5003774, 4400944, 4187449, 3649410, 3962521, 3642620, 3350329, 3483855, 3799850, 4053254, 3534970, 2874718, 8053459, 4722671, 2700727, 3281458, 3609168, 4340961, 5337689
220, 3567966, 3366130, 3215260, 3466810, 2891084, 2656473, 2960702, 3766791, 3478349, 4060459, 4032542, 4173401, 4276995, 4175172, 5519753, 4587644, 4520731, 4954698, 4225349
225, 3268340, 3210139, 3751092, 2843213, 3356503, 3737605, 4461010, 3749095, 4197855, 4174645, 4594583, 5555395, 4891463, 4610044, 3510468, 4951136, 4279878, 6753326, 6376820
230, 3269424, 2683766, 4909225, 3960626, 3627015, 3435300, 3225548, 4211758, 4009218, 3479090, 2265612, 4030212, 3209978, 2960610, 3516295, 3659051, 4126981, 3835287, 5303517
235, 4685579, 3954076, 3788496, 4552832, 3693783, 3196690, 3851879, 3416026, 3373493, 3436951, 4582711, 4765074, 4406248, 3471465, 3868994, 4216468, 6154138, 5200971, 5185488
240, 3625351, 3991723, 2478064, 3753444, 4719265, 2845530, 3184269, 4304651, 3827870, 4340723, 5508406, 4874543, 4801921, 5711054, 6125658, 4562888, 3917768, 4457498, 3376722
245, 3771559, 8459503, 4340317, 3763318, 3701114, 4731340, 8146767, 6824840, 5168945, 5003440, 5767674, 3656043, 4616915, 3351003, 5526166, 3759454, 2884240, 3939957, 5324972
250, 3602439, 2931011, 4358572, 3812131, 3831446, 3966834, 3661493, 4294180, 4652757, 3979190, 3726751, 6439652, 2544929, 3622863, 4009007, 4012762, 3525650, 4180729, 3372568
255, 3961988, 3314278, 3152666, 3702940, 3785766, 3454086, 3031092, 4175955, 4034124, 3487637, 2560069, 3472714, 5839424, 5086243, 4439788, 4671089, 3381133, 3931731, 4081218
260, 4966163, 5602252, 4979446, 4577386, 6166705, 5251913, 3845628, 5332669, 4067561, 4399128, 4425416, 4464811, 3788374, 3913704, 4340014, 5281030, 3311587, 4969766, 4520640
265, 4897522, 5499088, 3414198, 6221220, 3956506, 5215220, 4158301, 6026895, 4248106, 4375285, 6002163, 4632547, 3439554, 4096671, 6690799, 4875332, 3802269, 5467932, 6065655
270, 4457104, 4274540, 5247558, 4164333, 4644055, 4074492, 4884291, 4119689, 5386857, 5221452, 4547828, 5273441, 4982974, 4255435, 4031943, 5113306, 4979684, 5717580, 3865596
275, 5036077, 5240120, 5659516, 10233319, 6174851, 6527449, 5357827, 4936627, 5773038, 4852191, 5846355, 5431114, 4839250, 4725570, 4397061, 3841699, 2682236, 5091404, 4143815
280, 4182231, 4642006, 4324212, 3264778, 4111153, 6033140, 5067323, 5027803, 4709837, 4104590, 4398926, 4473711, 5428607, 6925564, 6182325, 5486115, 4621029, 4908736, 3976025
285, 4737756, 5319093, 4611304, 3709832, 3247561, 7567954, 4341964, 5146859, 4437191, 4155526, 4451940, 4524430, 4311480, 3369672, 3905539, 4474886, 6171264, 4180325, 3988133
290, 5117307, 4722799, 4496181, 4556664, 3018414, 8651269, 5360981, 4929082, 4776281, 4314663, 4466438, 4719652, 5281025, 5406926, 4973542, 4582168, 4843545, 4610193, 5773000
295, 5358541, 9504901, 5104894, 6623206, 4579025, 3879437, 4401450, 4564446, 5470393, 3756625, 4200388, 4397813, 3829503, 4794319, 4178930, 4571388, 4654791, 4037752, 5176194
300, 4487686, 4933525, 6088823, 6227014, 4633177, 5121126, 5414852, 3735399, 5223110, 7191924, 5309586, 5813989, 5572890, 9202230, 4072295, 6024297, 5100675, 6278657, 4441754
305, 7741694, 5827365, 5492122, 5404079, 6875905, 4818942, 7580586, 5930467, 4791518, 4274380, 6524398, 5601373, 5182234, 5493185, 5105141, 4541058, 4585115, 6997807, 4293209
310, 5109597, 4428872, 5309552, 5102318, 5054870, 6890246, 4412830, 4502313, 4300387, 4607728, 4735086, 4398367, 4784790, 5326441, 5151195, 4759184, 5359532, 6230613, 4564563
315, 3326397, 4510366, 5435661, 6670328, 4427137, 5790810, 6570886, 6396312, 5052434, 4323324, 5380605, 4797414, 4889317, 5367046, 4862900, 5211124, 5403532, 4598011, 4522196
320, 5564883, 4261409, 5247784, 5255268, 4637739, 5258004, 5487395, 5550375, 5842681, 5467855, 4316298, 5746297, 5390625, 7400143, 3790041, 5092012, 5713523, 3609531, 6525395
325, 4497823, 8005502, 9328549, 5654847, 5098766, 5519198, 6119686, 4608745, 5864914, 4343782, 7292937, 5332929, 4166319, 5411778, 5245177, 4737841, 4915602, 6652216, 6334313
330, 5953196, 7233439, 4692691, 4398066, 7015430, 6510349, 4892358, 5596662, 5554300, 4760123, 6694248, 5530114, 4752224, 4993053, 5381495, 5326136, 7297396, 7028892, 5472859
335, 5423567, 4660190, 6258850, 5484491, 4307139, 4789577, 5693256, 6101122, 5351178, 5012483, 4399257, 5071953, 4222768, 5309813, 6225814, 6480469, 4557040, 5701351, 6665750
340, 7782498, 6025781, 5134515, 4718181, 5371061, 4794588, 6248373, 5736273, 8238726, 5089335, 5210311, 4980616, 4400541, 6527530, 5059724, 5631625, 4497501, 5806354, 6328390
345, 6647461, 6011349, 6530040, 6626378, 6308421, 4407083, 5834757, 4562227, 5145622, 6650903, 4535232, 5402749, 5415001, 3789841, 7064801, 8676922, 7124076, 7032793, 6830865
350, 5194102, 5046394, 5545065, 5930314, 5847805, 6348070, 6822474, 6259132, 4636928, 7237666, 5888864, 6635705, 6689722, 4660875, 7307206, 5600676, 7837419, 5105531, 4603058
355, 4191378, 5630644, 5058683, 5185902, 5020202, 4903068, 5893468, 5856761, 4946982, 5324135, 7803918, 6847449, 4915385, 5762357, 5487346, 4704605, 5468383, 5645657, 5994418
360, 6362858, 6654741, 5092183, 6280974, 5867157, 5931415, 5640035, 7756080, 6287297, 5936161, 6498736, 5537712, 5495621, 6529212, 5538160, 5634691, 6049984, 6671929, 5930972
365, 3878726, 6579481, 5722508, 4981416, 5972118, 7591831, 5776984, 5833190, 5229548, 5065273, 4725811, 7386608, 6196809, 7927043, 5894786, 5810288, 6484615, 5397537, 6142175
370, 5518299, 4688846, 5598782, 7440546, 5718443, 5251722, 7065348, 6407251, 5497409, 5806035, 6575284, 5330250, 5956827, 6807533, 6668067, 6990857, 5511363, 5826007, 7106637
375, 6402178, 4539748, 5237877, 8620651, 5704988, 7515966, 7339343, 5415601, 5687463, 5671681, 4986770, 5307734, 7958279, 5414994, 5579726, 6316102, 5778629, 5488735, 6165219
380, 6416237, 8751041, 6023324, 6647819, 5493049, 5858053, 9697475, 7070156, 5816472, 6206257, 6100831, 6562562, 5948899, 6350098, 6014347, 7277104, 6499745, 6528850, 7917394
385, 5456041, 8975293, 7231016, 7853328, 5221600, 5519979, 8839570, 7458306, 6057009, 6882552, 5914594, 6203923, 7144807, 8157066, 5979742, 8035143, 5178558, 6566411, 7166685
390, 8435619, 5853371, 5312552, 5013887, 5330487, 6285117, 6792323, 6656520, 7124346, 7114992, 7360169, 6398748, 6982436, 5172717, 5524919, 6113343, 7283563, 5449594, 5260910
395, 5847675, 8131314, 5717492, 5915957, 7997432, 6485225, 5716297, 6179656, 7602792, 6609308, 6134933, 5264756, 8089643, 6927626, 7638537, 10339025, 7250466, 7147343, 5479192
400, 7158156, 8177127, 5877932, 5569376, 6908772, 7565521, 4796678, 6812766, 5871067, 6453697, 6442005, 7933744, 5740682, 7207022, 6052803, 6169936, 6278390, 7347625, 6640052
405, 8732121, 8032614, 7001106, 7375900, 5854734, 7602688, 6986118, 6955839, 6383813, 6442560, 6771711, 6565027, 6128328, 6054959, 6243135, 5917074, 7223581, 6214931, 7577708
410, 7324186, 5617297, 6256054, 5528093, 6158436, 5843480, 6972428, 5363328, 6087152, 6065619, 6648519, 4967903, 9557044, 5496627, 10302108, 9234182, 5376609, 8315512, 7090298
415, 6836155, 6464700, 8677989, 6954731, 5955836, 5593264, 6906057, 7199626, 5252751, 5477280, 6117241, 7940285, 8683361, 6303233, 5441317, 5221498, 6246788, 6627451, 4834132
420, 6513691, 5376296, 9806260, 8168669, 6228437, 8530308, 8559563, 7421184, 7891826, 7579126, 8863137, 7068208, 6521710, 4922728, 8819918, 7832473, 7761160, 6489613, 7824334
425, 6794390, 6560693, 8864069, 6327640, 6620201, 7797984, 7553066, 7017584, 7697088, 5701606, 8047771, 7221999, 8014380, 8521670, 6356661, 7684728, 8202593, 8129002, 7357025
430, 6238896, 5546052, 6453187, 6913520, 7892091, 9916814, 5644001, 7043913, 9030874, 7140701, 7931379, 5838313, 6206330, 7626600, 6825295, 6909522, 10948105, 8676406, 7368971
435, 5850174, 8482678, 8064836, 6055339, 9404562, 7116182, 7697073, 7219545, 5813074, 8652786, 8553163, 6466096, 6560782, 6001737, 6787767, 7200704, 9762964, 9659927, 8857698
440, 8522174, 9375044, 6967431, 7827017, 9015200, 7100646, 9341054, 7219271, 7890036, 6384013, 6744897, 6214241, 7860915, 6688857, 6755164, 8780705, 5906370, 9047359, 6316935
445, 7280329, 7555651, 6155147, 7168994, 8043262, 6920356, 8090389, 8094252, 6415331, 6166359, 7597519, 5850664, 6612616, 8766286, 7129162, 7214818, 6115189, 12077937, 9440037
450, 7972240, 10202861, 9467260, 10023517, 8892872, 6979509, 10323121, 8164486, 9467364, 8161353, 9525435, 9470149, 8587084, 7107037, 9073810, 8176618, 6464480, 7558220, 9407356
455, 9435827, 11365922, 9919095, 8053875, 7337052, 8560519, 6803395, 7761062, 6356111, 8021360, 6593998, 9895071, 6579465, 6418543, 9380061, 6716053, 8192109, 9180035, 8142312
460, 7486457, 10145047, 8190372, 7856357, 8907260, 8709994, 8094232, 7682155, 6396285, 8118788, 7223393, 8416842, 8133872, 9302771, 6788516, 10062730, 7488297, 8305532, 9516824
465, 9003936, 7055985, 8911525, 6257624, 9050563, 9429727, 11097882, 10100625, 8608327, 6468610, 8250311, 9178723, 7587521, 6446771, 9280543, 7139467, 8137985, 10083056, 6927584
470, 6727467, 7553550, 9100947, 6258705, 6719158, 8578402, 7566949, 7233499, 9227263, 10477394, 7507741, 9001913, 8824688, 6533955, 9510058, 7679388, 7962981, 6665582, 6400440
475, 7622311, 6901226, 7984974, 6877104, 8474252, 7236406, 7647758, 11143447, 8438288, 8662283, 6137212, 12108367, 9575754, 9164592, 10263304, 9075367, 9117523, 6809836, 9052402
480, 7914608, 10339107, 8023760, 8463418, 8407804, 7727525, 6608536, 5934690, 7103564, 6887119, 7002110, 9170065, 8209740, 11479447, 8688722, 7941152, 8291066, 9297236, 8650853
485, 8564375, 10484422, 10083870, 10898300, 7478734, 10650538, 7685371, 8032801, 9097288, 8150942, 6958491, 7283200, 7825771, 13492756, 7475125, 7804449, 8852247, 6919123, 8312316
490, 9467427, 8404655, 9535143, 6831373, 8453955, 8717257, 8518270, 7453802, 7727404, 8025447, 8864276, 8373599, 12300268, 9465025, 10602503, 8144435, 7727943, 7917378, 10132823
495, 8052580, 7275456, 8181969, 7519313, 7694095, 7052862, 7480214, 9508136, 6424979, 7456916, 15913832, 10625068, 8781819, 9274872, 11569472, 9515224, 8811697, 8388197, 10910996
500, 9296848, 7353106, 7112724, 6857042, 9072605, 10244711, 10310764, 10597041, 8391812, 8257132, 7855237, 10638695, 9163152, 7871070, 8231213, 7696807, 7665356, 10074696, 10193964
505, 7360601, 8564720, 9555602, 6667374, 7754176, 11250038, 10129234, 9430131, 9688720, 7943498, 7557571, 10931141, 9734639, 7537513, 7537953, 8728892, 9873211, 6644719, 7014996
510, 12940488, 11169703, 11854433, 14274003, 11834219, 11009635, 11792829, 15988646, 11623101, 8236764, 9042677, 9690914, 9991509, 9726570, 11852832, 9768760, 10356648, 7553015, 9338196
515, 10919187, 10461307, 12001993, 7571236, 8324757, 10040977, 11091584, 10638270, 9673125, 7201672, 9413319, 9041194, 10128424, 10719182, 7482755, 10339790, 10193844, 10994361, 9176170
520, 7253683, 11113973, 8714791, 7133907, 7564887, 5133791, 7226879, 7709411, 10663123, 6704526, 9419472, 7032634, 9542681, 7802576, 10348314, 9309703, 8245210, 6636681, 10214341
525, 9937672, 9158667, 8637738, 9264162, 10119070, 10534715, 7363934, 9958381, 9722592, 9497463, 8352531, 8532006, 8742587, 7765416, 8158998, 11202374, 9951727, 10722464, 10243947
530, 11519379, 9625040, 7080681, 8592773, 7739201, 11455465, 9466334, 10066161, 7139153, 8380929, 11190562, 9936815, 8570451, 9008377, 10421734, 11464976, 7801329, 10529754, 10205816
535, 8416511, 8548017, 10771081, 8303051, 10301659, 9294307, 9757287, 10296282, 11195368, 8915283, 11628295, 7934816, 8123626, 10296404, 8864855, 14848023, 9172268, 7617133, 10715421
540, 9717751, 9442803, 8919256, 7556151, 7901870, 9240508, 11560970, 8991618, 12801553, 9441741, 10202112, 8528028, 9686633, 8211711, 7751652, 7714591, 11153670, 10958137, 9587718
545, 12389179, 12817010, 12858703, 10265382, 7195138, 9271924, 9209035, 8615751, 9813746, 10321278, 7049410, 7739659, 9532360, 7952264, 9297635, 7982308, 8877975, 7792316, 9904886
550, 8928886, 8225228, 8918523, 7617200, 7777201, 7851988, 11212782, 8597832, 8091598, 10440091, 9673444, 10895615, 7434375, 7381071, 10346523, 11787970, 8842929, 8361040, 8221345
555, 24447433, 8973878, 11753652, 10762482, 10815483, 11735478, 8842296, 8751847, 10092785, 8050449, 11130303, 9669028, 7968281, 11895208, 9449625, 8951997, 10721826, 8579781, 8469795
560, 9715992, 11633273, 8672346, 9201818, 10529331, 10939872, 9728689, 9099974, 8085779, 9817306, 11181362, 9934204, 10351928, 9146944, 9891817, 8550799, 9576805, 10440744, 11118226
565, 11222017, 7879781, 9141567, 7509732, 9085670, 11324614, 7927412, 8281075, 8921259, 13204827, 9116835, 8098703, 9452485, 16508289, 11067178, 13634149, 12746053, 8199741, 11593160
570, 13068807, 9265238, 10132896, 9821713, 8873864, 9476145, 9707070, 10178592, 10820312, 11228365, 10977359, 9739272, 10912281, 8115579, 12470887, 9334908, 8278705, 11510521, 8885468
575, 8544841, 9395748, 10514964, 10715986, 11263311, 7444246, 8726058, 11843306, 8462593, 9233240, 8548941, 7932487, 6662379, 10682039, 11681197, 10536372, 9062621, 10680554, 10261437
580, 12638203, 9658721, 10613149, 11047703, 12767373, 11211858, 11951612, 10898606, 10654304, 8880504, 7727218, 9610208, 10534102, 11219101, 8911888, 10389441, 10117950, 8130895, 11483107
585, 12052628, 10590011, 11370905, 10375349, 9069128, 8736535, 11376030, 8745236, 8034005, 11098472, 11596096, 9824713, 11097625, 8477519, 11264270, 10271078, 11782134, 10301525, 11092398
590, 8612562, 11817457, 11178830, 9789611, 8381847, 8074175, 8550424, 11118755, 12761548, 13364287, 12084722, 12270614, 8143367, 7800385, 12851853, 8739812, 8334205, 10162966, 11629209
595, 11858319, 11297408, 11605552, 9957063, 9420376, 11037172, 11735971, 12852204, 8941888, 11057903, 8097291, 9875214, 14312968, 10419923, 8484871, 8035871, 9968710, 10728059, 9823039
600, 13211759, 10081612, 9760627, 10869174, 10032306, 12361511, 10061187, 10479699, 12669847, 9314272, 9904211, 9855491, 11414827, 11681011, 10846714, 11330111, 10951747, 13639126, 10009399
605, 8544261, 11234611, 9153944, 9095626, 10107900, 11749694, 7902751, 8012253, 9430347, 10311875, 10369934, 8850932, 8129735, 8902198, 8410211, 12015276, 12504820, 11057784, 15878764
610, 8002515, 9982698, 11041335, 7457234, 12652080, 12273827, 11476362, 11163844, 8763994, 11496606, 14079145, 12237975, 9716861, 11664290, 10006583, 11665120, 10160093, 10633339, 11987651
615, 16402372, 13956558, 13251333, 9838607, 14577477, 8188410, 9133514, 8624172, 9133063, 11202146, 13243876, 8949275, 8720233, 8485151, 9000244, 9467069, 10136809, 10391456, 12115572
620, 10056760, 8441571, 11710667, 8971670, 10270257, 12701200, 8983439, 9520698, 11856566, 8482796, 8614189, 8378165, 12228416, 12434164, 9585670, 9204904, 9170082, 9827757, 11387404
625, 11558180, 12192891, 14987353, 8666843, 9870818, 10636611, 12498403, 9242377, 12361396, 11000553, 10594122, 12147154, 10357501, 9138452, 9961027, 9854298, 13464619, 9134972, 11260616
630, 11756213, 10589491, 10620135, 13015803, 9563320, 10062927, 11983538, 11064078, 10485497, 13508046, 9603023, 10471665, 11127876, 8234600, 10608946, 11621931, 12668033, 9541990, 9728509
635, 11022419, 11097427, 11635163, 9644866, 11187090, 9332321, 9677480, 11378096, 9088786, 10536000, 13084931, 12366994, 12604367, 8849303, 12151220, 13201527, 12131788, 13072507, 11319811
640, 11348704, 12904568, 7019957, 9052629, 10323041, 9291222, 13542444, 10584674, 11370460, 12630710, 10119838, 9352357, 9237577, 10566009, 10479212, 11249346, 10116793, 9775622, 10033722
645, 10128931, 8935036, 10848874, 8838704, 9541666, 9020316, 10936126, 10077211, 14308745, 14138527, 10146714, 11689948, 11130959, 9481404, 9667509, 11566647, 11536854, 8744126, 11610947
650, 10551135, 9095584, 12585704, 10927538, 10129412, 12620049, 12930098, 9758734, 11894336, 11082495, 13666347, 11047178, 8568826, 12052605, 9262877, 13366234, 12938838, 13263403, 12037862
655, 12700030, 12746571, 13211371, 13609493, 10747558, 10592624, 13711546, 11474123, 13472399, 11507956, 16328585, 10596991, 15163363, 10267687, 12821931, 14102918, 10068929, 11424018, 11558439
660, 17641584, 15787923, 12910011, 12352329, 15503973, 11961488, 12305328, 12379500, 19358082, 14354176, 16167427, 14831246, 12165707, 11536727, 13146609, 13083554, 13671756, 12793239, 11377319
665, 9310831, 9956189, 12779064, 8525115, 14218061, 14200922, 13302057, 14317770, 13109575, 10763369, 9502672, 9502741, 13336325, 17265405, 11549719, 14027207, 12336003, 16579834, 11629901
670, 12240855, 12539591, 11203499, 11866607, 9789989, 9491653, 13601883, 12810808, 11374839, 10282233, 11933162, 13477498, 11165259, 12340197, 10030091, 12247631, 11610732, 13350627, 9364514
675, 9906876, 11820272, 10897032, 13649916, 14326697, 9802558, 12996179, 13304060, 10184980, 12134553, 13410082, 15274533, 13232369, 10552726, 13444424, 12922084, 12187433, 11405493, 11773604
680, 12026780, 8567519, 11898431, 10406352, 11939983, 9612520, 13246186, 12757748, 14900542, 15609055, 11118091, 15985049, 14287200, 12833935, 10161897, 10017630, 11616960, 15162932, 10355769
685, 10509065, 9860374, 12218702, 10430443, 10106109, 11233441, 10161922, 11001418, 9915137, 9204861, 12104874, 9954125, 15891378, 13957059, 8826765, 10585895, 13757356, 9378968, 13314928
690, 13147939, 15272085, 11853713, 11991059, 12242012, 10658146, 13607378, 12748798, 12237397, 12419671, 11726471, 15106338, 14886454, 13118082, 12016265, 13168241, 14011401, 9970083, 13309417
695, 11417854, 14394654, 15576694, 10445139, 11859004, 14335114, 14153681, 10453600, 9745360, 13028214, 13421117, 10782896, 9947032, 10790340, 14126881, 14243544, 10834427, 12744893, 10173302
700, 10945240, 11624679, 11943390, 10699972, 9369196, 9817516, 13619718, 13440321, 9829412, 11309484, 13915187, 10601603, 12428743, 11752526, 17180094, 14852019, 12526853, 12501196, 10214153
705, 13953383, 12791353, 12341731, 13114133, 13922188, 20562653, 10922526, 11572751, 15284678, 12318593, 9279406, 12849222, 11895428, 13343300, 10101539, 13447758, 14687027, 9966018, 9322313
710, 13392946, 9968775, 11889290, 13189833, 10930624, 10565050, 10804343, 14317746, 10099810, 13533114, 10630611, 11997928, 14620416, 14433975, 14213689, 11359664, 10138083, 13244465, 12671138
715, 14410491, 12029311, 10501119, 11050005, 13653953, 14314452, 11893409, 11209728, 11349817, 14012290, 11084287, 9711557, 15835765, 15026377, 10312606, 12997485, 15292789, 10145237, 11706627
720, 10742231, 13476058, 10141448, 13819545, 14311725, 12244957, 13887075, 12285428, 9819109, 10575736, 15000135, 14156230, 13382980, 8864466, 11713833, 13377266, 13367213, 10037875, 13561174
725, 12157744, 12308082, 10341298, 12787501, 12434225, 13170089, 11813583, 11598367, 12817502, 10608545, 13036272, 13745114, 14876078, 13106164, 12727097, 13556653, 13380045, 13066885, 14232182
730, 15212457, 10685155, 11732993, 10845747, 10034761, 10046447, 11043133, 10469428, 13510882, 10977610, 11768693, 14941637, 14054890, 10879594, 10159010, 11870679, 11548927, 14706449, 10037323
735, 10741525, 9866004, 15759995, 13569729, 12357073, 10797090, 11580299, 14506682, 12902738, 15005299, 13601322, 12728429, 19415263, 10638668, 13659990, 15396017, 9966769, 10737999, 12419431
740, 9912619, 14769092, 9904836, 14180220, 15624556, 13872429, 17490216, 10937210, 15138761, 12973595, 10227556, 11053792, 11447376, 13976965, 15354319, 16436265, 13624321, 10327714, 14656355
745, 11016823, 15549508, 15961589, 12284456, 11873597, 13841984, 13827173, 13744030, 14869833, 11671128, 12465940, 12782005, 15436682, 13707099, 15372933, 14719887, 12577919, 12731339, 13652129
750, 14272939, 14886178, 16277954, 10399343, 10398112, 10644098, 11253905, 11534672, 10130846, 14072293, 13614393, 15343713, 14075000, 16764502, 12193213, 15627239, 15634706, 11259931, 14610773
755, 15838175, 12004441, 13889739, 12713992, 15298225, 14207037, 15806495, 11152775, 15549931, 17015292, 14491108, 14228857, 14087824, 11282269, 16073903, 15368511, 12065536, 16272839, 14654009
760, 15784471, 14131303, 11530997, 10062669, 13712540, 11094267, 14599839, 14422763, 12200955, 13466274, 13670020, 11903124, 11838749, 15155343, 11911966, 11495279, 12735889, 12299610, 13604417
765, 10833630, 11653021, 11647738, 10364003, 11297905, 11688271, 13603067, 11798931, 13898177, 14711108, 13644908, 16101187, 16432614, 14945462, 11590397, 14318084, 13770323, 13609480, 13827354
770, 17338123, 14696933, 13754187, 13608603, 12449772, 14579619, 11160807, 16383658, 10648844, 16317307, 15546248, 11490039, 15603124, 11238039, 15633374, 14581362, 13495991, 14157187, 14509804
775, 11913966, 14865195, 13916125, 14792741, 11826541, 12482406, 12211352, 11985175, 16087882, 12973882, 12013181, 15421821, 11535044, 17683905, 15560082, 11371362, 13891686, 12854398, 12923451
780, 12678444, 13499164, 14063815, 10682273, 13594347, 10563354, 11237779, 14378306, 11718739, 14812039, 14821775, 13866297, 15486087, 11786785, 16886063, 12469363, 14991665, 13657092, 12249412
785, 16591232, 10989877, 15342950, 19203980, 14802599, 16347794, 13937173, 13906161, 13619537, 11949746, 14411703, 14900363, 15396374, 11213325, 15870546, 12276365, 16433892, 12183524, 15382808
790, 14202163, 10904478, 14839008, 14689799, 12492183, 12608052, 9824396, 13137366, 12587929, 12147069, 14512485, 14569615, 15765870, 15952624, 12853164, 15312691, 13613276, 12391043, 13719578
795, 14791882, 10963903, 12828343, 11748679, 12188035, 11463840, 15059095, 12398908, 13318110, 12120241, 16849629, 15905116, 12648454, 10257310, 16587269, 10930919, 15829853, 11915500, 14670117
800, 15330309, 12650584, 16931345, 14959565, 17140574, 11302379, 12134414, 16408646, 10165491, 16341389, 13768691, 12372485, 15870542, 11744467, 14963015, 13283123, 13414500, 15024852, 13127618
805, 17840869, 12322651, 13835402, 10750125, 13423624, 15711576, 11029911, 14176885, 18660417, 14200951, 10916885, 15697447, 11397570, 13830913, 12853416, 17156928, 12279966, 12344625, 14874204
810, 18485312, 14230876, 10085249, 14533600, 17875399, 16613473, 16749130, 13681818, 13378215, 17562767, 12773970, 13587438, 13649244, 16429537, 11708184, 16316186, 19756695, 15845511, 13757879
815, 13677043, 16428224, 16239526, 11070141, 13252437, 15779734, 15570057, 12775618, 11920953, 19106642, 14219536, 12307625, 17684424, 12547586, 10464560, 12538277, 11430277, 16950676, 9543977
820, 15318067, 13854988, 17064215, 14371399, 15959919, 12037979, 11930191, 12476169, 13671522, 17686438, 15332203, 15001797, 15242330, 15191008, 14537432, 14767702, 10188327, 15579457, 11663289
825, 10927679, 13134170, 12758050, 16141827, 13666725, 15302720, 15850890, 16722710, 12470993, 16522215, 15279615, 15976239, 11946396, 14881081, 15758568, 18469186, 15857464, 12377119, 10619555
830, 14059561, 16204132, 15666201, 15534682, 11313713, 12453053, 14195297, 16309755, 11645326, 13387188, 14597567, 11060139, 13789677, 12264950, 13601504, 17747863, 17359839, 15668394, 15647528
835, 11678910, 12918082, 14472248, 12356799, 12726392, 11282380, 20097963, 17002808, 17639622, 12624277, 13504566, 16373575, 15689939, 12137849, 13864703, 13154673, 13818191, 18154993, 11888016
840, 18229403, 17386777, 14147901, 16513816, 13302441, 13854181, 17698001, 16210489, 13726062, 15860466, 17742410, 11762092, 16503645, 14648212, 14641212, 12617953, 10512192, 12192118, 11797265
845, 18002642, 15423957, 14304413, 11308248, 14834973, 12609077, 18710689, 18164760, 15277716, 13171109, 14601045, 14432871, 13102017, 17006180, 17110869, 16519420, 15940912, 13990002, 16459956
850, 13368687, 16935993, 10892226, 13181413, 13712753, 15443703, 13791673, 17514209, 15292351, 14311347, 12159737, 12268741, 17315550, 16299510, 17180379, 12514077, 15691545, 13837530, 15114403
855, 17006394, 14196746, 18192714, 19189390, 15386680, 18724816, 11883276, 21186326, 13888961, 16487202, 16003470, 14290929, 13174056, 17523132, 17509081, 11901379, 18207934, 14519369, 11864306
860, 16614654, 12783821, 16030104, 14623678, 13347989, 15656201, 20256021, 19191002, 14270629, 16636771, 15955576, 15406481, 11810004, 17494828, 12560117, 17177188, 13189703, 14578255, 16634656
865, 12417091, 17916382, 15935319, 14020129, 16657470, 18377108, 18251191, 12351873, 15558371, 16169146, 11817629, 16672507, 12990786, 19129971, 16805540, 12169452, 19070891, 17792278, 15746352
870, 17438114, 18295918, 16036240, 15178932, 13129919, 16718431, 12433472, 15362493, 17808089, 12072853, 18523440, 12773720, 14557494, 15501409, 17007152, 12986966, 20874854, 13544282, 39061688
875, 14651881, 15704864, 13389108, 14257938, 14010273, 15260793, 15740001, 13142005, 15687979, 15866800, 14096772, 16158584, 16270582, 14424489, 12374662, 15596400, 13545923, 15532847, 13805749
880, 13631339, 16061529, 19936970, 16411712, 17435212, 16068763, 17530553, 12196621, 17040950, 15385212, 16689128, 13121345, 13155350, 13710410, 12790140, 15922123, 14824950, 16624564, 17352003
885, 18006608, 16120110, 15187635, 16069092, 14794631, 12698541, 13338862, 12366696, 18081629, 12651832, 18748137, 17000087, 17829298, 15099809, 13929310, 15775174, 14168905, 13923952, 16986591
890, 17557440, 15559408, 15248075, 13995876, 14277340, 14880048, 16096971, 15957007, 17028902, 15645714, 13579912, 14960947, 16266288, 15971995, 20494855, 17680317, 14204753, 11429138, 20667676
895, 17207750, 13947055, 15058993, 17790029, 17697983, 17935137, 15375352, 18689753, 17145969, 14397347, 20255544, 14105973, 13662683, 12521957, 14253947, 13725673, 17754742, 16775603, 19039059
900, 19384946, 16375437, 17522214, 14894216, 13650546, 12893408, 15005441, 18627227, 18159240, 13400398, 14705365, 12230934, 15878589, 13569544, 19716514, 14979375, 14681779, 19580080, 17474672
905, 18494669, 10481314, 19944329, 17588214, 15965420, 16459726, 15508604, 13123315, 12843906, 14070655, 15564243, 14947577, 12553519, 15128145, 17461496, 17053861, 16527168, 15039330, 16820396
910, 13929580, 14205893, 17294762, 14624252, 14276494, 19453864, 12762462, 15281952, 17947429, 17416498, 17670087, 12969805, 14864687, 17702511, 17034993, 18464942, 12935182, 17958233, 12950770
915, 25894459, 13073383, 17146152, 18951499, 16185918, 16577794, 17151480, 18296026, 18406116, 13655013, 22227779, 18219404, 15480701, 15417704, 16834557, 18189112, 17280372, 15230509, 19715497
920, 16136920, 19143677, 18489771, 13649160, 13897139, 16046417, 16690794, 19240985, 17481101, 17633769, 16812937, 16643707, 16878801, 15932284, 23993870, 17825773, 12257162, 13077913, 15720845
925, 16277804, 17643250, 15700511, 14834700, 16764241, 17090276, 17295440, 18131562, 14385030, 17681784, 18081769, 20265733, 19366358, 12268297, 20155231, 16307943, 19936253, 17730183, 15816741
930, 14088503, 17523982, 16154082, 18077386, 16496944, 16857437, 16908286, 16655814, 20686833, 18324346, 13639580, 19686869, 14492410, 19786499, 14420645, 13467803, 14911431, 14313778, 13491766
935, 14311796, 17331780, 18900624, 19093028, 18988190, 13724877, 18505477, 15826635, 15881769, 16532125, 14516926, 19824023, 17452168, 13160607, 16630998, 14045989, 16978647, 14385938, 18863818
940, 17151363, 19353202, 21327135, 18755104, 19814378, 12658424, 19057818, 27096961, 15126611, 17137332, 20032008, 14603794, 18308194, 19543471, 21525735, 18611761, 14194718, 18613622, 13354875
945, 19589104, 18625544, 19357616, 14765565, 18955269, 20291201, 16395866, 15648954, 20832299, 16946213, 17986759, 17938997, 16659831, 18196855, 14487427, 16429638, 17219094, 19111063, 15596174
950, 18743342, 19570833, 15833554, 14256957, 17459836, 21417171, 12995660, 18740606, 14926803, 19639098, 17268490, 18552737, 14958410, 13974963, 18995634, 17021395, 13628696, 18529425, 29353988
955, 19763680, 18284661, 18613595, 16300313, 17867592, 14875669, 20505353, 16642901, 18856296, 16532795, 16283787, 18104822, 16080982, 19017613, 16324702, 12685731, 17125640, 17419460, 19795300
960, 16065179, 17817066, 17837450, 18275509, 19502909, 20393671, 19214816, 17577627, 18429350, 16945446, 14094630, 14256683, 18372937, 18465402, 18204716, 15443300, 20178045, 17623430, 16270258
965, 17847918, 21311129, 12934784, 18800912, 16271872, 15251246, 17018498, 18384061, 19043606, 17906465, 20136927, 15850203, 16273777, 19520964, 19018268, 19484001, 19210205, 18074797, 17272701
970, 17014424, 14309192, 18164854, 19782862, 19966410, 14398646, 16511933, 15719931, 21843763, 16021581, 17138786, 14144808, 17258560, 19231910, 16074685, 16700502, 14926268, 19445974, 14896289
975, 16847737, 17679744, 18138156, 18262285, 18090533, 20087019, 15153865, 18927208, 20241863, 17689561, 20347048, 16172382, 17057189, 20258562, 20205504, 15470986, 16451127, 18208658, 20527285
980, 19735202, 16294615, 13329953, 17449043, 18124007, 12674863, 17516153, 17499943, 18632822, 18014768, 17320550, 14217441, 17875465, 17267269, 17292448, 20638754, 27323110, 16616902, 19296478
985, 16448568, 13157574, 19134572, 19150407, 18449545, 20818411, 16980045, 16636649, 17794005, 18033802, 19151877, 16417771, 16343031, 19056603, 14454862, 17469541, 20523236, 14553511, 15545579
990, 16620903, 19152340, 18634020, 17809109, 17717441, 17616664, 16326522, 15880361, 20275082, 15745929, 15443947, 19302811, 18783934, 19396179, 18263691, 19905084, 16926724, 19268590, 17896996
995, 18163791, 17117890, 20238693, 15958226, 19477564, 16074236, 17901981, 16272183, 14200300, 15617894, 18025623, 18132678, 19757101, 14971042, 19839150, 16253665, 19245508, 18056451, 17188115