10, 0.01669823564822555
11, 0.02064384697980078
12, 0.012518489365408995
13, 0.017126594720450836
14, 0.017691235447012628
15, 0.023187678958824724
16, 0.028843175867309133
17, 0.0294652364411703
18, 0.032492062548859245
19, 0.03999986017797608
20, 0.04898998601752767
21, 0.03509750370750315
22, 0.03177710125742703
23, 0.03625477874550589
24, 0.0410056785143765
25, 0.03639206939768107
26, 0.04258191510512857
27, 0.03949278183612267
28, 0.030316610745746174
29, 0.029858460212466614
30, 0.03035392578090633
31, 0.023897978057504807
32, 0.01892499962441547
33, 0.023434422067965324
34, 0.027969363384088616
35, 0.031514826178901764
36, 0.03452724742408673
37, 0.03762903703936103
38, 0.040416916479396554
39, 0.03306310572391846
40, 0.027014888856133578
41, 0.02504211127900043
42, 0.019917362900395256
43, 0.017151777264741687
44, 0.015176956815602233
45, 0.018632316332212094
46, 0.020526324051717296
47, 0.02233000960301073
48, 0.023075033231892642
49, 0.025426764898430005
50, 0.026184029008460542
51, 0.028499478285425345
52, 0.02216553159393379
53, 0.020599940443080056
54, 0.02159939801566657
55, 0.022932028585547867
56, 0.025403473125300467
57, 0.02287065082277305
58, 0.023310402495463983
59, 0.0207056877002241
60, 0.022900878791048827
61, 0.023128834497020426
62, 0.022355402348790018
63, 0.018151137161487314
64, 0.01744527000098603
65, 0.0199876503946466
66, 0.021698715708651284
67, 0.01794533168467568
68, 0.018532328507187185
69, 0.017304390673456578
70, 0.014038145442478327
71, 0.01310452028413822
72, 0.01511723162560978
73, 0.015063448312828812
74, 0.017062642513792095
75, 0.01981966615701275
76, 0.023090884031308885
77, 0.026858424708664903
78, 0.026397534154931502
79, 0.024445404868231706
80, 0.022376147754927148
81, 0.021997304436814375
82, 0.019460076534688175
83, 0.021521136588473953
84, 0.022059896111220233
85, 0.02322350001214076
86, 0.02538542489293559
87, 0.027262289920299325
88, 0.02764454973111917
89, 0.029640734279230186
90, 0.027919758484264062
91, 0.024203441882961786
92, 0.02632510472403464
93, 0.028547654208748316
94, 0.030325810830088815
95, 0.0319180571482835
96, 0.0339038585386658
97, 0.035538530840971035
98, 0.03184601078089504
99, 0.029743030940664047
100, 0.02656227527958079
101, 0.023407403423349866
102, 0.025185854331858097
103, 0.0272868435010981
104, 0.028296161606535412
105, 0.02684357223668074
106, 0.02824241115049825
107, 0.024727400211847148
108, 0.026277963447665878
109, 0.02661718167055323
110, 0.028337601387777193
111, 0.026443502069979235
112, 0.026086966511926678
113, 0.022288625897895157
114, 0.02434611639418861
115, 0.026109561103754775
116, 0.02541789579058087
117, 0.027377106624599946
118, 0.025372070842024377
119, 0.022436327716496635
120, 0.022398647408059722
121, 0.02144557760249585
122, 0.020603965530773944
123, 0.02217383135052922
124, 0.02235550999119111
125, 0.023597102649457906
126, 0.02508050380526567
127, 0.026401850815869522
128, 0.027702209385982206
129, 0.029364837702146637
130, 0.029176631637543124
131, 0.03020037605049727
132, 0.03138248708361582
133, 0.03163986481347748
134, 0.03317283225635189
135, 0.03333999961826492
136, 0.030672993396971777
137, 0.030092760704245214
138, 0.028665522796027517
139, 0.028959470863433534
140, 0.027617745250264173
141, 0.02846828075067968
142, 0.029683986289343656
143, 0.030628512499531003
144, 0.03190565231038781
145, 0.0301177004935702
146, 0.029118146985131585
147, 0.029404752172654966
148, 0.03075300938131685
149, 0.028400861204076724
150, 0.02707264655358657
151, 0.027614064085259626
152, 0.027355906458020083
153, 0.02409920549203722
154, 0.025069251463374534
155, 0.022212819880354732
156, 0.02347659008544138
157, 0.0213702740311311
158, 0.018196294698847454
159, 0.015349773198663097
160, 0.01452006601601235
161, 0.0141629423228812
162, 0.0161947754696269
163, 0.014957596844871385
164, 0.016441044369689174
165, 0.014635792581857902
166, 0.013086949673210186
167, 0.013856556845464049
168, 0.013785545206442144
169, 0.01387754108065051
170, 0.015571408417266886
171, 0.017466073991802628
172, 0.015000276354634355
173, 0.01615990485222418
174, 0.016727783330853466
175, 0.017341572034147643
176, 0.01900293265750969
177, 0.01911006698511517
178, 0.016929537373352288
179, 0.017769862498805977
180, 0.018698861632456397
181, 0.018224795846767384
182, 0.019924408677245504
183, 0.020267716234028066
184, 0.02015597951805086
185, 0.019768584190507144
186, 0.02082246893310254
187, 0.022191245595266015
188, 0.02285449669375352
189, 0.022369838229523518
190, 0.023742901370330714
191, 0.02467453037348289
192, 0.024974867909661032
193, 0.026531602074921265
194, 0.024604866493549236
195, 0.02571767705946564
196, 0.027203835802394483
197, 0.026560902687920624
198, 0.028178262699382957
199, 0.026137367395793927
200, 0.025975506025952555
201, 0.02547907640389314
202, 0.02688084624487451
203, 0.025787683794809654
204, 0.024434700457001985
205, 0.022240863341344102
206, 0.022296228169900654
207, 0.021696551795216658
208, 0.022019197392155954
209, 0.02208754551726334
210, 0.020933217652759708
211, 0.020830771669811628
212, 0.02155011656710592
213, 0.021540615097913572
214, 0.019348387086245394
215, 0.020185162403852836
216, 0.02069873043409472
217, 0.020903406386294617
218, 0.020262001558403703
219, 0.019947749655500734
220, 0.019723727980781997
221, 0.02051039081485573
222, 0.020937935164889725
223, 0.02176976607049391
224, 0.02124111510862818
225, 0.019363990306864254
226, 0.01971165955353661
227, 0.01992885250721469
228, 0.01934817827655299
229, 0.018499882051920574
230, 0.018587707520557058
231, 0.01892293233769216
232, 0.019222417588759897
233, 0.019881085907964564
234, 0.020763543726743928
235, 0.019348537134961877
236, 0.020041389208849722
237, 0.02097933992226265
238, 0.020629715436535648
239, 0.019784750058112047
240, 0.020359206116078405
241, 0.019320613194923758
242, 0.019098734396849344
243, 0.020022078577123816
244, 0.019942977345167843
245, 0.02092727591347861
246, 0.02020532848933183
247, 0.020946053722115013
248, 0.021832053777466314
249, 0.02211840912282817
250, 0.02292411109652132
251, 0.022948236815282786
252, 0.02161455319888648
253, 0.02039758755191202
254, 0.019628456406625125
255, 0.0202195464842574
256, 0.019799391182348317
257, 0.018988676738822027
258, 0.019450738469389356
259, 0.01850344807584184
260, 0.01945274275902357
261, 0.018887878132385665
262, 0.019807599766576606
263, 0.019571987414455348
264, 0.0178875104839583
265, 0.016469076782723305
266, 0.016585394434567677
267, 0.01667771669944013
268, 0.017024001734923758
269, 0.0167021503133242
270, 0.01758953739227573
271, 0.016274042961010576
272, 0.016148514330071032
273, 0.016678426107734644
274, 0.017319678641066042
275, 0.018092095940119894
276, 0.017867586081014318
277, 0.016813816858738246
278, 0.01734397832081904
279, 0.0180932051159718
280, 0.018712666313975043
281, 0.017963855148890446
282, 0.018500448273706786
283, 0.018110852829533088
284, 0.018920584393152067
285, 0.017674913005853093
286, 0.016995356211800462
287, 0.015785343014970678
288, 0.016643188812350097
289, 0.01693162748028249
290, 0.017787460414537305
291, 0.01709084050346745
292, 0.016887500595736567
293, 0.015993672111158357
294, 0.01688098933243785
295, 0.016450777024521572
296, 0.01738468097837275
297, 0.016789804312875398
298, 0.016333502060495934
299, 0.014710861893722338
300, 0.014645046515693249
301, 0.07304366946621302
302, 0.6036733510655566
303, 0.8522206433012497
304, 0.013297731722182826
305, 0.013215646692350203
306, 0.014386216107662199
307, 0.013302185434112134
308, 0.012524463784402457
309, 0.012467276676725944
310, 0.013195971574933199
311, 0.013487069594341598
312, 0.01481582590397703
313, 0.016025320570212633
314, 0.014059902071573876
315, 0.014377994632369774
316, 0.015569584365621888
317, 0.01705746430447709
318, 0.016034750811160434
319, 0.015192563880764268
320, 0.014604943894787357
321, 0.01362079671841303
322, 0.011819759799923517
323, 0.012354264665292923
324, 0.012076137838542536
325, 0.011678233794304436
326, 0.009759628631078373
327, 0.010736736591531059
328, 0.009319008075012002
329, 0.01036886261862861
330, 0.011112240511841669
331, 0.010500630018458515
332, 0.011525922497760292
333, 0.012067201984288659
334, 0.010891457215178538
335, 0.011745861718834096
336, 0.012117183313260307
337, 0.012890724308978007
338, 0.013551194885500271
339, 0.013808459688578684
340, 0.01432295041002401
341, 0.015149562145106234
342, 0.013474450102194004
343, 0.013597981468142801
344, 0.013365957743615224
345, 0.014029592876103702
346, 0.014839713176328746
347, 0.013658138628026804
348, 0.014542317344971826
349, 0.014798241656191462
350, 0.01470157426052399
351, 0.015080913028437495
352, 0.013968645822611425
353, 0.013204593056865147
354, 0.01399135027562712
355, 0.013521192426839256
356, 0.01355054538520556
357, 0.014189118924000306
358, 0.014983338728043881
359, 0.014817035738200786
360, 0.013076165277448574
361, 0.012717052708024833
362, 0.01338714633207385
363, 0.014232394394346792
364, 0.014221158724039683
365, 0.014526560132207317
366, 0.013677306296661619
367, 0.014287828399830924
368, 0.014880164819989364
369, 0.015644632725479717
370, 0.01548600316713822
371, 0.01602652687294737
372, 0.01676707292863418
373, 0.017230096487772073
374, 0.017487623341840116
375, 0.017118709671233457
376, 0.017588505206773596
377, 0.017822327251944266
378, 0.01707372195629644
379, 0.01775563217489703
380, 0.01848108733029526
381, 0.017277179459542217
382, 0.01719361326041907
383, 0.018002314619675684
384, 0.018284379955984947
385, 0.019142770016749973
386, 0.019498633291221732
387, 0.018243572676605178
388, 0.018661685319747923
389, 0.017355589116293858
390, 0.018155625285631718
391, 0.018413986247703545
392, 0.017262507808727748
393, 0.017403469276142232
394, 0.01676174945838548
395, 0.01738980187261893
396, 0.017927835509190946
397, 0.018646041281028772
398, 0.0193994529907931
399, 0.01891392584889113
400, 0.018400203654351566
401, 0.017406644923356456
402, 0.017549125087011164
403, 0.018319529920069997
404, 0.017470614698539874
405, 0.018203783273628992
406, 0.018033727369230607
407, 0.01727230881780375
408, 0.017680775827931802
409, 0.01836046161412756
410, 0.0187477824190897
411, 0.01798639796683114
412, 0.01732320872981897
413, 0.017537863660898052
414, 0.018094303992369297
415, 0.018195001295587234
416, 0.01894064796506318
417, 0.019538549324554944
418, 0.018619990207866984
419, 0.01802687493728381
420, 0.01818038340131082
421, 0.01745593717127028
422, 0.016746276958864322
423, 0.016846189326775795
424, 0.015996809810145785
425, 0.016171598102503654
426, 0.014901747731256236
427, 0.014583038886562656
428, 0.013606318962465194
429, 0.012658379132102562
430, 0.011816755748483987
431, 0.011143143282864318
432, 0.011881002848960558
433, 0.012533171899678695
434, 0.011819979855469787
435, 0.012322678029646632
436, 0.011661835420508684
437, 0.011465958552927393
438, 0.010879012896909297
439, 0.01044217156230377
440, 0.009393075261618122
441, 0.008756801360716923
442, 0.007724343154723166
443, 0.007490430405843542
444, 0.00821583183364541
445, 0.007369279074827346
446, 0.008299146370071274
447, 0.0090895531285128
448, 0.009193208372950566
449, 0.009884386852778575
450, 0.010524982769872994
451, 0.010826416301760037
452, 0.010378945137771356
453, 0.00961009775854628
454, 0.008880053299927238
455, 0.00848190740199825
456, 0.008661354621827535
457, 0.009439663357032
458, 0.00892435028312583
459, 0.009462733574429266
460, 0.008520443284216998
461, 0.007953276860141014
462, 0.007835024002903538
463, 0.008329170583506592
464, 0.008966850139206863
465, 0.009371057289730334
466, 0.010185418215201046
467, 0.00846588478792845
468, 0.009669264385222106
469, 0.009245361598010792
470, 0.009295580579383142
471, 0.009174154571808675
472, 0.010461613381504482
473, 0.008864861614985899
474, 0.009792933034543112
475, 0.00947589525106919
476, 0.01073469395427472
477, 0.011557080558528639
478, 0.01186069800335784
479, 0.012478240230758378
480, 0.01343558957871631
481, 0.014799544023544095
482, 0.01627125380891877
483, 0.016817355970994853
484, 0.017308193489779133
485, 0.016584114682473894
486, 0.017904061413947844
487, 0.018661562917805852
488, 0.016953509530046228
489, 0.016788377424050167
490, 0.018173085059743736
491, 0.016855439377064886
492, 0.017251050921609966
493, 0.018550221222992908
494, 0.018761700145196226
495, 0.018661703282326657
496, 0.01777480641739537
497, 0.016904158432272633
498, 0.01819419738180406
499, 0.016414909677873422
500, 0.016929150193747022
501, 0.01827088163743149
502, 0.019750565392953213
503, 0.02130205948836478
504, 0.02182226934718656
505, 0.023248834662497945
506, 0.02343202534442798
507, 0.02153336657432304
508, 0.021230891052178184
509, 0.0204310522702428
510, 0.02071870001518935
511, 0.021616250691761426
512, 0.01998572482574286
513, 0.019766298699147866
514, 0.01954434496180966
515, 0.021055299784482506
516, 0.021395583293471063
517, 0.019944215494355707
518, 0.020515130167842798
519, 0.02137650364331958
520, 0.020222662745734723
521, 0.018866405145540617
522, 0.018916406854516565
523, 0.020469878296096276
524, 0.020697002012776525
525, 0.020451607565695477
526, 0.019233943846892955
527, 0.01767111765748489
528, 0.0166366270678957
529, 0.0180727418580606
530, 0.01955531865890396
531, 0.02100010441365308
532, 0.01916534573752927
533, 0.01755254592108952
534, 0.017038564913935766
535, 0.01811136159756941
536, 0.017114321407293704
537, 0.018059340893387225
538, 0.01877550919297934
539, 0.01719993022026772
540, 0.017215640477204995
541, 0.016770768341627596
542, 0.018345555655929657
543, 0.01796025290614383
544, 0.016152230249871835
545, 0.01576080366409114
546, 0.014956135540729056
547, 0.013230137202026173
548, 0.012019027838087348
549, 0.013377699841795177
550, 0.01330230588883853
551, 0.011602175649852223
552, 0.011310390965295278
553, 0.012882558068279228
554, 0.012390562379875842
555, 0.010846863713459625
556, 0.011136427825088382
557, 0.011243440041993577
558, 0.00955789254068006
559, 0.010207874561425292
560, 0.00962844445974114
561, 0.008440331895302512
562, 0.007046571187371828
563, 0.007248890418907696
564, 0.0075696117577781896
565, 0.006665789118079152
566, 0.006983170509145088
567, 0.007178885369158609
568, 0.0076097195779887845
569, 0.007890088184583338
570, 0.008168372372882494
571, 0.008121167822993512
572, 0.008527374973698765
573, 0.008223710091333849
574, 0.009036111148279496
575, 0.009654065005726197
576, 0.009231155433054236
577, 0.009300900017989422
578, 0.009868236546534983
579, 0.009699425676665692
580, 0.008728657674234714
581, 0.008592474762117119
582, 0.009071662096526097
583, 0.009200075562953174
584, 0.009934877205829223
585, 0.010842497781604546
586, 0.009810789135875126
587, 0.008562221908304848
588, 0.007482602563687205
589, 0.007464387953517996
590, 0.007701812624802053
591, 0.008291705590740479
592, 0.008006189239151971
593, 0.00839108659688729
594, 0.008844810153078126
595, 0.009181525538056536
596, 0.008911144860037743
597, 0.009693878664054958
598, 0.008862503587673452
599, 0.009269403889870118
