5, 615164, 591543, 564902, 592778, 635128, 687576, 580563, 607193, 612546, 12150513, 613665, 6129265, 599124, 1730365, 551351, 546112, 532618, 3430976, 557838
10, 2924951, 2189254, 1859737, 1854053, 3032753, 1881240, 1893395, 2248900, 1855457, 1668084, 4642819, 1595242, 6589620, 1441738, 1517563, 2161545, 8525823, 1446349, 4961920
15, 1784077, 2309897, 22265173, 2191385, 1869425, 1816649, 7053465, 1847248, 11174574, 4115723, 1390472, 1473644, 1548182, 1847766, 1369956, 2079599, 1359957, 1939467, 21113210
20, 895553, 2536458, 1624937, 966037, 989197, 1375043, 933824, 1325301, 1152243, 1085846, 1431818, 1254545, 1199552, 938875, 14780436, 2503761, 926224, 11081990, 916381
25, 1106973, 13828079, 1472090, 1439495, 1824728, 1314789, 1048779, 1057631, 30534840, 1407513, 2162140, 1860074, 1560946, 1633208, 1276366, 3732338, 2054867, 1533892, 1188614
30, 1278341, 5201156, 27735637, 1469155, 4229767, 1882779, 1270775, 1684061, 8323689, 1297038, 2146241, 1291724, 27614995, 1923964, 4119246, 1007186, 2085961, 1269416, 1494638
35, 8352501, 1923395, 1526858, 1334527, 1588099, 1131692, 1406819, 1867598, 1383558, 1206363, 1874358, 1502109, 1656553, 1608986, 1276229, 1314595, 1556641, 1110869, 1940403
40, 2090367, 1201764, 2479864, 2205983, 2344578, 3909762, 2018445, 2081505, 4220891, 7229375, 1737111, 1583863, 11993460, 43945497, 2152338, 2432591, 4596960, 1215601, 2025647
45, 1886972, 3921140, 1593533, 4144491, 1852538, 2503749, 7235219, 2405652, 1920140, 2408668, 1634946, 16115898, 1501925, 1823344, 2352128, 1548202, 16190698, 1393789, 3286361
50, 3339988, 6249158, 2032879, 9609712, 14452374, 1481082, 1783059, 3695489, 18061524, 3434927, 1825684, 1488000, 1837814, 1823739, 24741707, 2437919, 1570439, 1938571, 1616166
55, 1802790, 1853059, 2263677, 1890851, 1770198, 1662942, 1751489, 2134779, 4389800, 2273526, 1997267, 3067503, 2282487, 1927781, 2128761, 3975907, 2624917, 2733454, 1981338
60, 7283235, 3998421, 4440094, 4880394, 3849100, 3622273, 3838101, 4334903, 5089281, 3802515, 3146844, 3993581, 2440795, 2721808, 1738052, 1964704, 1897281, 1973629, 1403292
65, 1681345, 2560132, 3222636, 11610719, 4147641, 2683120, 4711118, 2610841, 3169618, 3568627, 6554308, 2611954, 2328127, 2299583, 3685303, 4554201, 2538578, 2086513, 2443481
70, 2888541, 1575309, 8636481, 2600558, 2043542, 2935043, 5578470, 1962341, 2258938, 2480954, 6413053, 2065657, 1936436, 3063745, 5253122, 2395487, 1578217, 2581423, 1735233
75, 5644135, 3444630, 8407054, 5131442, 2681808, 1738968, 4337999, 2202006, 4140209, 1932908, 2707512, 5259549, 2416950, 2131560, 7728699, 2106863, 3775404, 3821089, 4403333
80, 2467602, 3223825, 4474226, 2825594, 3251818, 1920553, 3554391, 3475239, 2937543, 3886129, 3397622, 3608331, 2927026, 3119932, 9589125, 3974376, 3553312, 14801468, 3235465
85, 2207342, 3212969, 2353872, 3244975, 3117252, 3789608, 2216602, 2881381, 2222562, 3617703, 2453277, 3169221, 1655038, 2706969, 2293880, 2289457, 3859332, 2508056, 2035283
90, 3509228, 2045542, 3007871, 1705731, 3110548, 2785426, 1923727, 2634816, 2054671, 2571042, 2566304, 2110768, 2108588, 3678022, 3177999, 2724983, 3469946, 1942593, 3408750
95, 1753501, 2394210, 2005844, 2549648, 3797871, 3635496, 2172889, 2910654, 1430815, 2220851, 2922389, 2183563, 2331845, 3430222, 2593305, 2804425, 2040820, 1513856, 3248133
100, 2711519, 2484008, 3211816, 1817601, 2549587, 1298477, 1826155, 2577087, 2663049, 10791102, 4246034, 2289481, 3024638, 3535894, 2292064, 2846509, 2924821, 2206102, 2310490
105, 2162077, 1327117, 2138721, 1791989, 2597885, 2711888, 2643369, 2699741, 2937793, 4975618, 2985301, 3227944, 2409755, 1729644, 3676778, 2950235, 2332403, 1600904, 3570065
110, 3035924, 2843957, 2914436, 2648462, 3338147, 3057031, 9674031, 4709044, 2975322, 4494793, 2837628, 2777519, 3601139, 2446751, 2784669, 3450903, 2268012, 3053923, 2641074
115, 3400395, 3844358, 3298153, 3304920, 2406045, 3275963, 3357628, 3398677, 3327538, 3458785, 2569590, 3217850, 3088110, 2138191, 2610961, 2414296, 3084224, 2875596, 2895603
120, 3607690, 2679406, 3390778, 3368695, 5090383, 3369730, 2287008, 3162037, 2893212, 3508932, 3062599, 2274165, 3322275, 3808895, 3442786, 3654589, 3763620, 3601420, 3141259
125, 3353260, 3574765, 3354712, 2935134, 3622879, 2592686, 3147010, 4485049, 2753331, 3328998, 3664500, 4992641, 4219247, 3135577, 2356868, 4387114, 3365075, 2862975, 3179561
130, 4241479, 2714652, 3447826, 3284154, 3093057, 4273991, 4035954, 3244014, 4245343, 4154826, 3855042, 3545614, 2793583, 2323816, 2911796, 2791787, 3764695, 4283293, 2814905
135, 3366961, 3852981, 3748332, 4079117, 4241553, 3888514, 4602150, 2360596, 4353414, 3059151, 3167349, 4140820, 3783975, 4320754, 3331953, 2984459, 4396044, 3366387, 4012228
140, 4419747, 5032767, 5053000, 2591715, 3926226, 2842930, 4775268, 3741489, 5287505, 3384506, 2351116, 4799379, 2568176, 3208694, 9718105, 6441651, 3521492, 3233956, 7294471
145, 3442300, 4027905, 5237135, 3900252, 3547476, 4293895, 4459739, 4603524, 3671962, 3627020, 4704396, 3904552, 4066703, 3954059, 4480704, 2745889, 3093198, 4293162, 4747352
150, 3946513, 3665541, 4256855, 3875468, 5326014, 3173946, 3072657, 2703944, 3832955, 3664007, 4094285, 4342922, 5359977, 4222701, 3677900, 4536860, 4379172, 4188458, 3353100
155, 4679073, 5161632, 4703001, 6789185, 6505971, 8453919, 5707489, 6430078, 9930234, 9374747, 8313468, 8183676, 7499073, 7656872, 7873429, 7253372, 5308048, 3271482, 2743080
160, 3202890, 3481462, 4361651, 3587023, 4113865, 3547618, 3973514, 3197140, 3203790, 4196059, 3940518, 5207830, 3696935, 3199719, 5193162, 2225882, 2675979, 2684726, 2453574
165, 4137015, 3246399, 4841903, 3950666, 3251438, 2583862, 4504462, 3656795, 3322386, 4813666, 2953957, 3358364, 5347104, 2906758, 3234420, 3593224, 4991096, 4139948, 2658350
170, 6433665, 3826994, 5426959, 3604623, 3740523, 3403184, 3203921, 4255241, 2163209, 2212793, 3935970, 3436973, 4164726, 4499272, 3162671, 3025356, 2916192, 2478676, 4065898
175, 2996713, 3391210, 2800830, 3037849, 2334701, 2855534, 3878597, 2549476, 3816765, 2833486, 2856095, 2852648, 2158998, 3117236, 2431676, 3005706, 3152487, 2176432, 3053340
180, 3060524, 3417257, 3088569, 2810220, 2673635, 2683789, 3012123, 3064333, 2645895, 2026911, 2912064, 2930615, 2809755, 3281131, 2551793, 2324775, 3436863, 1878230, 2705802
185, 3790990, 2804715, 2609386, 2879957, 2163108, 3067241, 2723640, 4263603, 2781203, 1925125, 3520380, 3310661, 2754894, 2805534, 1922125, 4325014, 3816971, 3013451, 3423513
190, 2721306, 2553228, 3316745, 3361585, 2735654, 3195024, 2449249, 2056494, 2645418, 3823544, 2572211, 3594798, 3711547, 2891318, 3775243, 2675390, 3868989, 2941368, 3154048
195, 4117425, 3155090, 2598263, 3102260, 3451201, 4034852, 3734070, 3882943, 4512117, 4705223, 5880155, 3173930, 3433509, 4443445, 5604653, 8399425, 3778715, 3922943, 4489411
200, 5155649, 5750425, 5178221, 3603723, 3904383, 2930941, 2839506, 2762508, 4313870, 5356728, 4887429, 3813861, 5709648, 3263756, 5902500, 3928578, 4622618, 3533848, 2581836
205, 3091116, 3244688, 3276791, 3482204, 3187093, 2936845, 3880067, 3870991, 2974756, 3410177, 4089490, 3246728, 3931613, 4397137, 4610624, 3233565, 4553790, 5464839, 2799532
210, 3093895, 3011296, 4023619, 4926059, 3211167, 4305810, 2983776, 4652726, 5918760, 6763731, 4250755, 5756082, 4285232, 4540283, 5054054, 3385759, 5819316, 4577277, 5290670
215, 3537027, 4651099, 3481845, 3206917, 3563411, 3940392, 4628577, 5360024, 4459611, 4524171, 4595569, 2963819, 4337428, 3464548, 2612632, 3524136, 3120051, 3752128, 2982519
220, 2747569, 3741493, 4015579, 4477058, 3045047, 2974199, 3453812, 3295525, 3205053, 3443005, 4169247, 3223077, 3318758, 3257874, 3921183, 3340792, 3322195, 3631215, 3856773
225, 2567201, 4001099, 3387217, 3375516, 3424984, 3980273, 2333538, 3509912, 3560001, 3118501, 3329049, 3501516, 3335070, 3085895, 3340327, 3131842, 3375823, 4180533, 3342265
230, 3112364, 4526426, 3929045, 3181634, 3887237, 4058505, 2761865, 3628965, 3378213, 4002612, 3603575, 4225053, 3370290, 3540631, 2833404, 3468475, 3499864, 3679080, 2590438
235, 2975497, 4165238, 3368657, 3802990, 3561395, 3867538, 4072774, 2798508, 4072703, 2903134, 4195725, 2839347, 3828923, 5240531, 3978269, 4258352, 4031348, 3714424, 3693588
240, 3231706, 3641586, 4221672, 3093668, 2897147, 2380327, 3739369, 5132899, 2875807, 3905791, 4238087, 3650423, 4682526, 3775099, 5194405, 3843873, 3749943, 4107503, 4516735
245, 3498599, 3842929, 4030889, 4892812, 4681738, 4384042, 5292592, 4176505, 5534831, 4636245, 4641607, 4429193, 4122656, 4764892, 4929147, 3383647, 4393018, 4136593, 3477407
250, 3490913, 4791459, 3297519, 3863007, 4134192, 3939426, 3246810, 4172357, 3636777, 4000446, 3714720, 4073403, 3852538, 4095441, 3616649, 4588399, 3332688, 3835742, 5476185
255, 3598190, 4438776, 4993592, 3891078, 3023172, 3572656, 3694303, 4190768, 3859748, 3787639, 3980464, 3364537, 3060576, 3730676, 4073146, 4920815, 3624105, 3246593, 3825972
260, 4928818, 4047257, 3855590, 4605536, 3809895, 4225908, 4426364, 3909400, 4649028, 3572367, 3275549, 5174155, 4715056, 4720853, 2899348, 5375320, 4587670, 4018244, 4085209
265, 5425973, 5066652, 4258332, 3977828, 6167828, 3622863, 4606905, 4502929, 5483290, 5743541, 4462489, 4352972, 3300595, 4044292, 4062725, 4402407, 4271392, 4672593, 4687281
270, 4624626, 4386696, 5634198, 4488626, 4460384, 4215859, 5150640, 4141204, 4333796, 4388031, 4362620, 3744500, 5588873, 5949126, 4033316, 4745711, 4240387, 2923923, 3891773
275, 4683469, 5286928, 5768522, 5667862, 4331142, 3581911, 3599798, 2819962, 4309560, 3847072, 3655215, 3963107, 5412935, 3920608, 4429639, 3892361, 4677704, 4937783, 4076067
280, 4146395, 5367059, 4161502, 4995582, 4476241, 4358102, 4569864, 3631998, 4908189, 3857482, 5310565, 5269718, 5619320, 3370939, 4468807, 5632742, 4347770, 4433780, 4057961
285, 3917835, 2737315, 4029745, 3607853, 5258207, 6502842, 3918232, 4833133, 4064900, 5071172, 3958106, 4016624, 5873232, 5514882, 4479366, 19684219, 7327854, 6769130, 14888581
290, 5205899, 4230077, 3971532, 3673635, 5467365, 3834967, 4308497, 4610594, 4331321, 3292638, 4361368, 5034519, 4463682, 4545813, 4777419, 6394827, 4526745, 4449543, 5721678
295, 5873613, 5268537, 4936058, 4968309, 3667296, 5960034, 5252339, 4513931, 5063441, 5115037, 4159144, 4789772, 3771829, 4030606, 3842620, 5186383, 5330878, 5282056, 5198285
300, 4205166, 4565088, 3927555, 4513484, 4142862, 4085124, 4182552, 4459892, 4811716, 5234622, 4338507, 5779474, 4110047, 4336991, 5256672, 4428444, 3905263, 5453400, 4372103
305, 4606960, 4933136, 6487346, 6614540, 5539020, 4763952, 5276410, 7244333, 5494532, 5224692, 5114553, 4202492, 6138444, 4326255, 6956504, 4751006, 4086498, 4178922, 4950876
310, 5755518, 4375628, 4758198, 5880790, 5295936, 5135110, 4703688, 5248464, 6075329, 4566337, 4999654, 6219176, 5465755, 7181994, 5441927, 6116528, 5840346, 5644028, 6636773
315, 4250254, 3324602, 4676018, 4002735, 4965726, 5271131, 4189422, 4614132, 6514840, 4398856, 5434265, 4396301, 5561411, 5963196, 5456838, 4388008, 5202055, 5650346, 6016300
320, 5109970, 4757064, 4882499, 5515260, 5097669, 4727526, 5190190, 5473606, 4514049, 5448672, 5132528, 5108527, 5576131, 4118031, 4731376, 4609208, 3954565, 4507677, 5116216
325, 6035832, 7886554, 5106017, 5262133, 3671552, 6488637, 4902874, 6514811, 5376990, 5680141, 5792637, 5190101, 4686358, 4994021, 5495787, 5572879, 5161336, 4906203, 6671008
330, 6499238, 5900743, 5667645, 4717068, 4095574, 3970714, 5483401, 6458877, 6551134, 5598003, 5169740, 6262154, 4812816, 5037780, 4155203, 4804459, 5227783, 6437646, 4683902
335, 8006556, 4565708, 5847697, 6246657, 6172198, 5863378, 5411779, 4818213, 5070707, 5508885, 4294251, 5535129, 4602892, 4127071, 5612981, 4894445, 6281214, 4706353, 4976228
340, 5804458, 7173168, 9934870, 6984422, 5037387, 5004894, 4854105, 4307317, 4737564, 6186188, 6292773, 7375984, 4894672, 6802574, 5359469, 7247932, 8352595, 6023835, 5243487
345, 6164895, 6819975, 7277699, 5160543, 5174088, 5189338, 5360265, 5586342, 4626817, 6681543, 7818023, 6082637, 6283109, 5144197, 7456740, 5925855, 6056824, 6167677, 4816157
350, 5850325, 5432277, 4967321, 5188928, 5429084, 7008809, 5397586, 5549133, 4834096, 5252528, 5662755, 6982154, 7402175, 5360372, 5609319, 5028405, 5571627, 5674787, 6949690
355, 5778047, 7465415, 5641549, 5617224, 5420907, 7871498, 5167827, 6080510, 5912582, 4167509, 5409748, 6649719, 9742369, 6167602, 6460469, 5507197, 4986232, 5894769, 5015831
360, 5931031, 6637685, 8439368, 5670570, 5089242, 5444477, 5428464, 4849787, 7108516, 5038991, 6420691, 5589996, 5322231, 5412369, 5413430, 4855605, 5218776, 5911638, 4540239
365, 8108855, 5166505, 5940817, 5230977, 6500377, 7419140, 5117883, 7320461, 6145763, 6294967, 7758990, 5010808, 4996464, 5433105, 4941769, 5322437, 7910103, 5607529, 6015692
370, 7710827, 7633307, 5130494, 5563229, 6098822, 5102730, 5170933, 5332927, 5841560, 6706293, 5483641, 5566764, 6867808, 5956516, 7447419, 5303138, 6884434, 7310031, 5311074
375, 6396508, 5937841, 6477039, 4620655, 4758442, 5428248, 6121159, 7255718, 6292377, 5335812, 5578395, 6829394, 5767060, 5632748, 6528165, 5203741, 7707925, 6680413, 6755423
380, 7339839, 6245928, 6066408, 6716036, 5738976, 5908432, 6373904, 5548846, 6576121, 7116742, 6931538, 5475704, 7632256, 5399999, 6824710, 5986967, 5154561, 6322759, 5108417
385, 6785900, 5539947, 8737789, 6879402, 5938722, 5666222, 7814756, 6969841, 5803851, 5602425, 5846541, 6948643, 7215394, 6369831, 5659334, 5682908, 6545166, 6025952, 6837735
390, 5697379, 4839508, 6471780, 6298238, 6463386, 7082375, 5859162, 6553387, 6656543, 9283764, 6281350, 5853251, 6848511, 6314932, 7208841, 5847341, 5428002, 6667528, 6914639
395, 6759497, 7349110, 6143179, 6317247, 5337808, 8784689, 8513726, 5408552, 6635376, 8581334, 4637679, 7852509, 5293535, 8227499, 5078161, 8214252, 8408494, 6132754, 5393452
400, 6537230, 7020328, 5526684, 5986545, 6291809, 6684606, 5120142, 5854732, 6825152, 5961005, 8227897, 6836875, 6015662, 7781242, 5521572, 5806514, 5997446, 4982966, 6285396
405, 9631479, 8313439, 8512408, 7754061, 8376464, 8747399, 9754875, 7306170, 9413172, 9175413, 5710014, 6835576, 6377555, 7999213, 7179694, 8959344, 10393825, 6034732, 5611498
410, 5746320, 8109932, 9423626, 8537620, 8190022, 8325017, 10028719, 7103851, 5653485, 5735746, 6241076, 6624625, 5552138, 5879223, 5529823, 8821273, 6119519, 7594868, 6524264
415, 6017914, 5812136, 5137915, 6383181, 5899258, 5905762, 5932972, 6233734, 6214234, 6368496, 8089329, 7447454, 7475549, 6958423, 8750950, 7313790, 7818898, 7071556, 6885623
420, 8480749, 6760522, 7959628, 6178597, 6634021, 6909770, 6535906, 8160435, 6024297, 6335018, 5868141, 8158213, 7398927, 7107698, 6656887, 6064722, 6231303, 9751239, 9425535
425, 6509932, 5906662, 7990079, 5746429, 7385134, 8202707, 9495074, 7511820, 7277159, 10141956, 6873124, 5812961, 8447481, 6266688, 5394247, 6584839, 7587091, 6653788, 9127460
430, 7407366, 7685570, 6869361, 4378412, 7376464, 8354834, 8579417, 9019298, 7382057, 7323036, 7447540, 8923055, 8715971, 13416791, 8078614, 9348692, 8376881, 9271324, 9510402
435, 7120706, 6860220, 8845737, 8022457, 8949053, 8333077, 8034935, 6358553, 6295591, 7717594, 8054008, 5882518, 7233673, 7509813, 8606068, 6859549, 6250855, 14771978, 6295900
440, 8960872, 8888758, 9282704, 7182450, 8247262, 6090593, 5790602, 7249514, 8029999, 6644738, 8488726, 7132930, 7612297, 6091482, 6604843, 9770068, 8659204, 9339425, 7574812
445, 8960007, 9376766, 6044945, 8059744, 7058926, 6619312, 7386665, 8617937, 8246362, 10350358, 7437270, 6907047, 6610150, 6591114, 8558922, 6347443, 10076291, 10612399, 7296882
450, 7783259, 7259067, 7597143, 9527195, 7363264, 6857370, 7390159, 7697625, 10520357, 12094827, 9227830, 8850517, 12289443, 13492840, 16177691, 6478251, 8764831, 6378997, 11292304
455, 6809969, 8813224, 7162564, 7102023, 6515610, 6116547, 6792247, 7008042, 6639561, 8271066, 7458142, 9688069, 6693351, 9906979, 8390855, 11112093, 7446370, 7122016, 7277400
460, 5660021, 7310738, 8878613, 9827166, 6646470, 8463169, 7400739, 8169082, 6346450, 8101888, 6793507, 8145701, 7173567, 8609018, 6586381, 5763985, 7129280, 14360683, 9561566
465, 8916627, 7812145, 7718956, 7127912, 6834533, 7287113, 6707342, 7699583, 9605946, 7501468, 6714233, 6477009, 6109380, 7661857, 7855479, 8880900, 6944752, 7442130, 6748481
470, 8918338, 6517879, 7335657, 8830149, 9201267, 9357448, 6813946, 8276977, 7181557, 7478629, 7339723, 6462138, 8765487, 6233891, 9166939, 10271606, 8241459, 8309422, 6830623
475, 10506944, 7451957, 7422221, 6922648, 6656199, 8672087, 9965709, 8644095, 7382412, 6674693, 6279566, 7030692, 8468519, 7079778, 11159247, 8555163, 5943741, 8224030, 6420819
480, 8443325, 7604344, 8323175, 8701290, 6403516, 8184906, 7637147, 8026684, 9226771, 7690903, 6890131, 8753764, 9291541, 6970495, 6864231, 8416689, 8536236, 8451301, 9694750
485, 8526033, 11049068, 7439550, 6832782, 7051861, 8567853, 9248103, 7228588, 6962596, 6918858, 8465936, 8978192, 9592392, 9217985, 9078149, 9223334, 10373243, 8903290, 9496918
490, 8672728, 7102245, 9736719, 8646388, 6047899, 10361843, 13156683, 7151638, 9243046, 10296978, 10200449, 10323039, 8490919, 8547096, 8714812, 7675282, 9758188, 7916482, 7244685
495, 7812961, 9283865, 7187248, 8632361, 6952729, 8793551, 8254341, 8089611, 9088827, 8851266, 8045968, 9034452, 11338860, 9866012, 8175633, 10049784, 6976862, 8713844, 7899418
500, 6799950, 6654363, 6693317, 7448306, 8511929, 8755556, 7241563, 7232312, 13093871, 8862091, 6642133, 8378252, 7731506, 7570977, 11226000, 6578871, 7968012, 10127672, 10208168
505, 6419871, 10129962, 7981905, 8630712, 9646955, 6289215, 6461659, 9327371, 8515739, 9660965, 8199463, 6593596, 8964699, 9700065, 10914587, 8692572, 8376221, 6604734, 8102254
510, 8291997, 9011912, 7875977, 7712466, 7203389, 12913970, 9185334, 9636896, 9491710, 6591314, 9470493, 8201896, 12317504, 9788667, 7035199, 9980487, 12892215, 11015649, 12251740
515, 10015084, 5774151, 11123990, 10092565, 7551152, 10765784, 8430713, 10356923, 10227010, 8390229, 14367533, 13008926, 8881133, 8451958, 6733836, 7737658, 12210056, 15418159, 13232200
520, 10614216, 8197511, 10640222, 9361000, 10589716, 7626608, 6843379, 10423719, 13647270, 10618279, 10678521, 12317712, 9275374, 12823077, 8863940, 8817919, 9734474, 8145734, 14885228
525, 9140603, 7928035, 8921887, 12782234, 9807545, 9118823, 6843078, 7272246, 6927305, 8190055, 8775885, 10243606, 7516358, 9297792, 8405882, 6859868, 7397739, 9458010, 9853429
530, 9885176, 9541335, 10306102, 9428847, 8109959, 7500547, 7875261, 9967744, 7612576, 8584484, 9245138, 9128844, 7931400, 13142964, 10764580, 8514622, 9103045, 7573406, 7872368
535, 7353312, 8103950, 8871504, 9380555, 8060179, 8615395, 11014571, 9820506, 10622661, 10816829, 13975718, 11449883, 9988712, 8389663, 11348179, 9760657, 12753475, 9627711, 7009836
540, 7844488, 12566999, 8480563, 9628504, 11377543, 6632425, 9304046, 8210970, 8449139, 11484463, 11367883, 9463575, 11583386, 11877827, 9870189, 11098502, 8173136, 9385382, 8368697
545, 11231733, 8898812, 7996593, 7625098, 10726134, 11356215, 10601736, 10341139, 8958945, 10038227, 10935881, 9492298, 10032446, 11692389, 10378784, 10933181, 12294846, 7758489, 8040799
550, 10221543, 7914796, 9268700, 10769628, 9022588, 13039140, 9096547, 11052317, 9923879, 8063757, 11640309, 13897494, 12763491, 8573853, 8969149, 9579307, 9559775, 9406268, 7918143
555, 10835178, 10279179, 10630349, 10704589, 7498149, 13195180, 10723021, 8267000, 8157218, 8401331, 12153383, 12503261, 10983826, 7812746, 8214021, 11960265, 8685143, 7199936, 11914225
560, 10924957, 10789449, 10997815, 10812054, 10999249, 9182247, 13964393, 9449945, 19466271, 10685400, 13159367, 12093986, 12613057, 10820225, 11021663, 8410554, 8628775, 11013142, 8751456
565, 8383810, 10622848, 8410386, 9220497, 9011841, 8085380, 8476450, 7974086, 11412428, 10317178, 8403939, 13964319, 10284665, 12076083, 11571435, 10201475, 10468582, 10423089, 9742103
570, 9480234, 13570750, 11665945, 8392568, 9609232, 9279194, 10106826, 11276033, 9295813, 7562791, 13110134, 11058335, 8399183, 11084267, 11980319, 9588732, 11498034, 9534459, 9107262
575, 10876500, 8307242, 8987472, 10773809, 9788248, 9083560, 10890675, 8398474, 8578094, 8024813, 12038475, 13746841, 10846367, 11656858, 10914349, 10086785, 11030813, 12321422, 7799231
580, 10759236, 11204832, 10779806, 9490177, 9096450, 11116066, 10604599, 9309671, 9066343, 9366085, 10944860, 12718375, 7442641, 10109374, 11461908, 8878592, 11583744, 10219807, 10536594
585, 10178098, 10634659, 13923847, 9003794, 11190782, 9614225, 10238011, 9108756, 9911948, 12138453, 11583773, 7868752, 11559718, 10357683, 7858167, 11112404, 7742636, 9432931, 9857242
590, 9042769, 7998492, 9906693, 13311610, 10545002, 8367263, 11107035, 10659064, 11054836, 8785537, 11526239, 12454678, 9125270, 12247245, 8244385, 9567931, 9515730, 8671210, 9090497
595, 8603558, 10382533, 8309036, 10951763, 11670350, 11425352, 11402370, 9791507, 9050809, 16107101, 11749947, 8303623, 10622128, 10911188, 11708911, 10822979, 12278640, 10204012, 10778742
600, 12035850, 12368888, 10110906, 9774193, 11253799, 8486834, 9716241, 10687514, 10902435, 7956038, 18198009, 10596637, 7725607, 8321863, 17230690, 14388108, 13180391, 10178875, 10729174
605, 12549144, 13986105, 10155310, 8294873, 10560426, 11735873, 9490570, 13133457, 12433089, 13827493, 12768100, 8730227, 9236713, 12261460, 8684595, 11840628, 12559512, 10012724, 12661136
610, 10945560, 8998516, 9171378, 11651783, 9840749, 9205712, 9124642, 12051758, 12516380, 11566812, 14170512, 9986489, 10826086, 12002049, 13139472, 8240375, 9255680, 13611926, 8920877
615, 13665222, 8460322, 9578256, 9995699, 9828781, 8257764, 12058414, 13382039, 13184532, 12318537, 10679227, 8613139, 8141843, 12259377, 11211190, 9868350, 10005018, 10721540, 11542300
620, 8821487, 12226685, 9746946, 12935630, 8505438, 11978985, 14260607, 12749837, 14503958, 11784305, 9513752, 9660550, 10327650, 11182282, 11029535, 10871737, 9518340, 10720020, 10167415
625, 11075086, 10464778, 10629581, 9650087, 12633476, 11491223, 12021653, 12126380, 14140199, 10082014, 9128782, 9997739, 12750116, 9898456, 11593087, 10291883, 9689562, 10753397, 8618009
630, 9182358, 9878533, 10607614, 9755806, 12530016, 8917520, 9744014, 9247860, 17100153, 14844898, 10146656, 10752147, 8878560, 10400645, 12591337, 10990886, 10801921, 13337532, 13692794
635, 11464568, 11081396, 10401816, 14109749, 10970864, 10462409, 14057788, 11985927, 10897698, 12777494, 14060271, 13065350, 9139257, 10250212, 12065155, 10893921, 9011156, 12816397, 9428830
640, 14402678, 10948410, 10909776, 9173736, 11317193, 10283598, 8987390, 15234495, 14749661, 11140394, 11554062, 8880875, 11595249, 13143803, 11901610, 8366127, 11928863, 10237349, 8262155
645, 10360065, 9923220, 10664999, 13068365, 8009570, 14722390, 13704253, 15333066, 12974933, 11652527, 12173498, 11868607, 10294026, 13116743, 13118167, 11356775, 12282021, 9402786, 11624599
650, 12433272, 12119798, 9270277, 9359170, 8774006, 11338396, 14198400, 12385432, 13204927, 10528413, 10986156, 12300730, 11355189, 9528778, 9728600, 11213033, 12374122, 13443332, 10657796
655, 11909739, 13584421, 8844509, 9672011, 12285758, 14099088, 12860757, 14374627, 10991395, 12419184, 12223437, 8907441, 12975315, 10110154, 10810630, 19502775, 12640377, 10601085, 13782614
660, 9407716, 12836146, 11401784, 10642854, 16187788, 15844508, 16278093, 15657136, 16262330, 23363421, 18097227, 18465674, 21665675, 54033296, 30874150, 17184836, 14901091, 14893442, 16419574
665, 9418523, 11031305, 9080887, 11366604, 15522190, 16203344, 17660849, 14952613, 14788379, 11758242, 11444627, 13255182, 11143413, 12549385, 12912180, 12738307, 12360083, 9943815, 10959546
670, 10240072, 10379796, 9641032, 10505880, 14656952, 14789975, 12328976, 15368600, 12260629, 13944039, 9806438, 10018812, 12354480, 13257125, 8610831, 13602232, 15598647, 10961575, 14449971
675, 9366527, 9724805, 13648510, 11357683, 13935086, 15140103, 14621088, 11251125, 12878955, 12654749, 12954981, 9551755, 12062666, 11037530, 10368251, 12176918, 12436699, 13719516, 18131167
680, 15837594, 11243415, 11687206, 20555887, 19241527, 11462380, 13607942, 13456108, 12497663, 9122554, 12567954, 12722618, 12845041, 10798392, 10088431, 12323256, 9405034, 10312473, 15340469
685, 12186746, 9525744, 10233221, 12704540, 10972773, 11226025, 15128450, 13914685, 10661816, 14496238, 10304246, 14352746, 12484912, 10324816, 12146534, 12350055, 11127374, 11757434, 10454920
690, 12862863, 12708277, 12711583, 12992545, 9498746, 13838712, 15395020, 14346177, 14356239, 12946084, 11211184, 11114090, 10316699, 14139216, 13143003, 10750730, 11145158, 13765125, 12052335
695, 10519806, 11106895, 10721829, 13020895, 13651170, 15653785, 14734886, 14243640, 13529065, 15719700, 11146888, 13228207, 14323193, 11818797, 13347684, 13401574, 9712564, 12725028, 10735868
700, 11586322, 11230564, 15233895, 10924537, 12272187, 15695059, 13998009, 12557295, 11678857, 13856566, 12638230, 13564119, 13179913, 13610076, 14249918, 13426806, 13769750, 13885167, 13912609
705, 13314052, 10534500, 12202521, 14476253, 15198232, 8187009, 13309939, 11109077, 12225301, 13697926, 14084105, 15573497, 12450393, 10946645, 14220516, 14139405, 13224689, 11771262, 12728118
710, 13635938, 11566769, 11054093, 15628188, 16888804, 16402696, 13691455, 14229563, 14379611, 11848706, 9273415, 11149070, 14388485, 14244040, 11795309, 11685897, 12904827, 13439047, 11661421
715, 12150308, 15174053, 13513958, 11602778, 11559684, 13069054, 17302935, 13208632, 18360081, 15264275, 10938617, 11265886, 15320998, 13782168, 12636621, 12077872, 13066234, 9647242, 13428611
720, 13890897, 12082511, 11214266, 15177894, 12344840, 15187890, 11866128, 20512980, 14926693, 11527314, 13795137, 13081848, 16342104, 13132520, 15286101, 15146818, 13325768, 15184847, 10872686
725, 12647836, 13133875, 14448163, 12676865, 14809980, 15075401, 14446263, 12732433, 12961687, 11909608, 11297071, 12169124, 11202154, 16724800, 16587531, 15846898, 20414715, 13537526, 10569376
730, 13377586, 13156316, 12790041, 14753288, 13248933, 12319062, 16182402, 12112597, 13715108, 12256058, 14601613, 13416551, 14252113, 16024049, 14212958, 11312871, 11476452, 14442217, 10631079
735, 15838578, 14723321, 13279787, 12707871, 17754902, 14836550, 10469369, 13968402, 12423373, 10035446, 12996180, 10934991, 12189311, 13915937, 13288791, 10685946, 11532413, 15203510, 12634115
740, 11610826, 13354149, 13012298, 14743449, 14378579, 13031864, 18158096, 13992203, 11934104, 9674613, 13739768, 14873321, 9852740, 10838690, 11545346, 9906939, 13254741, 15104343, 13558768
745, 16191489, 10484260, 18637445, 13211990, 15104035, 15041054, 11485179, 17934520, 10909788, 10843555, 10746936, 11569793, 10427366, 14742289, 11778079, 12658447, 12510991, 14673880, 11917997
750, 11886293, 13681726, 10719755, 14887874, 15300622, 15559489, 15466984, 16082238, 10617766, 11312097, 14409585, 13816633, 15191804, 12390330, 13675699, 14577664, 11916221, 11410413, 10781935
755, 13050337, 13011033, 15634293, 15310089, 13115550, 13440984, 15521831, 14149414, 13455003, 13520422, 10742520, 15013130, 14020267, 16266119, 22391102, 14201136, 13166343, 11629291, 15598668
760, 11621725, 11832544, 9983668, 13008403, 14059206, 17132156, 11830324, 11029186, 13106707, 11059795, 12738815, 12880269, 12888925, 14246265, 14872392, 16230780, 11551293, 16118550, 15351804
765, 15929961, 15935215, 11787667, 11508437, 14709433, 13654782, 16602921, 12156026, 15639828, 17310206, 15557021, 15960029, 15552995, 14015684, 14551064, 15849019, 10119735, 13718635, 11952611
770, 12953190, 14197844, 14660883, 14624638, 18488463, 11523353, 15812343, 12847903, 15389147, 10177591, 14473294, 10703310, 13979493, 11629138, 14970977, 13313956, 16284368, 15302818, 10521375
775, 14274425, 12257234, 19461089, 16838742, 15419830, 12147085, 11030815, 15850629, 10796157, 14666172, 14536526, 14262039, 12144399, 17458668, 13691411, 11054267, 13770899, 12581159, 10662302
780, 11141853, 13958363, 11417551, 15484179, 13547553, 12119131, 13858352, 11019520, 12825058, 11795101, 14558987, 11396516, 14556518, 13376932, 13324228, 12332931, 13496931, 15026308, 23401614
785, 15262397, 13240829, 13633816, 16308771, 13436055, 16172597, 19913239, 13677539, 16445812, 11674308, 13054786, 17580741, 12595042, 15574803, 15204948, 13806787, 16176108, 14354583, 11270774
790, 16480113, 11323572, 14766978, 11791072, 17231103, 16537216, 11335283, 15065274, 15886113, 14442133, 12955587, 10960124, 14839865, 15289586, 15640934, 13971682, 13419692, 12685855, 15225394
795, 11661407, 15325218, 13707151, 11255015, 14017478, 14575885, 16237351, 12188889, 23430334, 17685742, 12331269, 11549017, 10449659, 16206830, 15000249, 11754949, 14195828, 17184717, 22098109
800, 15162446, 16626682, 11668761, 13270710, 17886754, 11385732, 12484755, 14482384, 12037971, 11864687, 11024645, 13300068, 12879598, 21711434, 14055462, 15631488, 10563441, 11836654, 12646584
805, 14208645, 14725826, 16149259, 17892593, 16596686, 11057740, 15337550, 10675238, 14100764, 14345691, 15256105, 11521723, 15463141, 16874626, 13003031, 16200363, 12847744, 12201971, 14345849
810, 14480754, 11649357, 25592465, 21194184, 15031832, 14585148, 11968335, 12771774, 16325052, 13775818, 15829638, 12985759, 13490793, 14655093, 15676877, 22446124, 11529451, 13620685, 12120645
815, 14552094, 17140310, 18461224, 15498310, 11182102, 15520552, 13872365, 13503865, 13025209, 15872732, 16928757, 15168449, 23769734, 20176617, 12774498, 12267252, 15350045, 17056338, 12614631
820, 12241356, 14553540, 12123995, 12419437, 16404179, 19754197, 15152865, 14636402, 12269612, 12261293, 15357049, 13784528, 13490790, 16390806, 15643009, 13167330, 13780890, 11346823, 13407077
825, 15363513, 11452375, 11118431, 14783939, 22904162, 18104887, 13171433, 15603618, 13844523, 12146949, 15870568, 15046768, 15584761, 11760203, 15660516, 17062898, 11971798, 10780513, 11888685
830, 15842151, 14407157, 18898946, 15571783, 14680850, 14095207, 11561550, 12353347, 13958943, 15254609, 19057647, 11552288, 15467780, 16708897, 13304443, 12294835, 16321731, 15074420, 16570401
835, 15638795, 12169718, 13760689, 11900537, 18034257, 12315654, 15612099, 13343623, 21473228, 15533728, 15088485, 15900310, 15187511, 14193265, 12481721, 11609983, 12961113, 16668893, 11885560
840, 13722603, 13377990, 19432066, 16585065, 15375730, 16715873, 14608814, 16412677, 17020502, 15851725, 19087143, 15072944, 12831023, 14188616, 12805907, 12617170, 16596841, 13982766, 16454321
845, 14392497, 13091510, 16050367, 16836451, 17129094, 11743671, 12660285, 19503976, 16546241, 13379157, 18525050, 16147358, 15755430, 11434527, 15505413, 15342683, 13153377, 15766040, 18548025
850, 13703474, 14387535, 11672704, 17687804, 11268243, 14003767, 16246068, 18502956, 13815358, 12454208, 39104385, 11425535, 15430425, 11307144, 18466659, 17605238, 20800220, 20554718, 15092280
855, 16824588, 17567271, 17690953, 15868169, 16526822, 15067042, 12717489, 17085376, 13251296, 15112364, 12194203, 16070465, 17318245, 15593516, 13462480, 15008821, 13641056, 12466850, 12613716
860, 12309079, 13702839, 14731359, 14616375, 16743351, 15667636, 12985337, 15129697, 16167789, 15268886, 15222623, 12424772, 16283653, 14895872, 16214204, 16816339, 15311015, 14028901, 17023077
865, 13896322, 15083576, 15846396, 13854893, 16594401, 16972497, 14926514, 17078297, 16378472, 14309950, 17327577, 16327721, 12530265, 18516559, 17066448, 11960097, 16740990, 15092450, 11962660
870, 16122611, 13435377, 16285547, 11274663, 14858428, 12849907, 16650623, 14952905, 18097990, 14066637, 16310528, 16784869, 15477826, 14477481, 13478061, 16763173, 20303081, 16174818, 16893322
875, 14258006, 17480764, 18704559, 17988941, 15025885, 19078922, 14044504, 12486973, 16660769, 13392141, 12258629, 16503924, 17066465, 23565199, 15258543, 14492506, 15922863, 16958370, 15290750
880, 15762659, 22480267, 14508823, 14833479, 14668752, 18743879, 15390576, 17924262, 18536612, 13052977, 14577754, 12282656, 16612098, 15793001, 12733788, 16489948, 17357401, 17228171, 15419780
885, 17138716, 22013178, 17676145, 14068889, 16611879, 16707435, 18751434, 16687854, 15271348, 16690546, 18844068, 19250409, 17993724, 16946498, 16877685, 14589431, 16444318, 17676067, 16655721
890, 21646487, 13225787, 20276367, 19717514, 19461743, 18242540, 16917952, 19781047, 18079678, 15590604, 17057486, 17631983, 15523793, 12781542, 16199890, 15231831, 13675614, 16880539, 17598846
895, 13291279, 14651737, 18188164, 16663766, 17603314, 15803150, 18458079, 12536394, 19940576, 17775448, 12890611, 16456021, 16350017, 15425927, 13868748, 14582555, 16563081, 17909513, 14856925
900, 15934345, 22579124, 13742452, 11831261, 16619190, 12487558, 20057815, 14126501, 17224743, 12202407, 20156575, 13719188, 17527060, 16335930, 16104829, 17788753, 12894853, 18440744, 12353370
905, 18352860, 13699921, 20529778, 16970938, 14275247, 16456336, 18553741, 17466523, 17822097, 15571778, 16054689, 18664669, 16287821, 18251912, 16858591, 17833567, 18599965, 12609034, 16689834
910, 16513037, 17862014, 12221712, 17810075, 19135705, 18236648, 15786219, 15270522, 14789854, 13715360, 15187789, 19634532, 13496189, 17753071, 17689166, 15134076, 15909637, 17397644, 17229738
915, 17197161, 19105186, 22120223, 17668509, 16070998, 18142254, 14408225, 18501874, 17592076, 11906378, 16027235, 16301638, 15789143, 13129795, 14663044, 17523503, 18603556, 14536165, 12804328
920, 19233694, 16113401, 14612497, 17421897, 13011136, 12986663, 14818159, 16739884, 17710217, 16439082, 16473651, 19702029, 17800685, 15067449, 16486298, 17724788, 13771321, 17128134, 18956146
925, 20890277, 17435048, 18413518, 16967975, 17820757, 16924351, 18188431, 17967962, 17707321, 12141585, 18855855, 15002960, 18083222, 15294939, 16116011, 13760130, 16593146, 19321543, 16528685
930, 18028649, 15630344, 19064072, 16550466, 19584753, 13802390, 14268917, 15010908, 16329466, 18438620, 14497189, 18409377, 21699151, 16331991, 20543829, 18510450, 15618579, 19021616, 16638833
935, 14859735, 16195827, 14227693, 18573217, 17223894, 17330649, 15923780, 17227581, 18111615, 13749060, 18529871, 17208668, 16929039, 13915329, 15883735, 16011208, 18513516, 14443061, 17168926
940, 18764849, 14296103, 17741935, 18378645, 17262523, 14768678, 18920783, 17395138, 16505830, 16590884, 19992250, 14649390, 14341404, 17750333, 16544383, 19472532, 18778989, 16491150, 19786036
945, 17378197, 14935514, 17608563, 12591870, 18075496, 19304883, 14082545, 21668390, 16279620, 16417610, 18216407, 16010327, 17707263, 15931427, 14891170, 15927285, 13834381, 17483377, 17257016
950, 15292006, 18744418, 15670842, 19716845, 17463508, 21416149, 18291559, 15278842, 13993297, 17902800, 18923676, 18656463, 16056401, 18342416, 18659422, 18485304, 17414531, 15847711, 17634412
955, 20183503, 32246550, 15948604, 19243625, 13111822, 18126765, 15993137, 15564966, 19200554, 13295551, 16650330, 13665570, 16437186, 15916358, 21472346, 14800901, 13943613, 21460055, 16092525
960, 19664985, 15795799, 21911031, 19502788, 18985646, 19895897, 20854587, 18460597, 16266006, 18139478, 16540985, 16235262, 17034848, 14240918, 16337779, 13102202, 18156739, 21178496, 17677455
965, 27436218, 23677428, 14816116, 18664739, 17118345, 17535716, 18073906, 14797431, 18009666, 18648553, 14242817, 15952341, 16282381, 18417571, 18191805, 19929778, 14240099, 16819829, 12865100
970, 19739457, 17990004, 14403709, 16163269, 18161553, 17020916, 15986071, 19304403, 19953209, 19962000, 19621382, 18113915, 18756137, 14578953, 19180362, 15396280, 18350423, 12505606, 15944885
975, 21908780, 17605084, 18440578, 21452924, 18739450, 19908254, 18685460, 17006131, 18621042, 17342625, 17955648, 17884552, 19189632, 20801883, 15016081, 13515246, 18562077, 12933459, 17013856
980, 21303963, 18796089, 16414225, 21836899, 14595774, 19832289, 14900860, 16674841, 18516458, 22165914, 18001579, 17811665, 14458214, 18531326, 16723747, 16701197, 15682553, 19565401, 14792904
985, 18787216, 18640692, 15488402, 18750856, 17266509, 17993295, 19050765, 13689384, 18046430, 18975053, 19445686, 18727849, 14257177, 18083146, 19764886, 13956021, 17311840, 19852448, 17843394
990, 21412973, 20444988, 20081270, 18278446, 20915505, 17578444, 17831028, 15636658, 16488361, 17347593, 18938560, 13847346, 16665205, 17474993, 17892945, 16966484, 15618743, 19408383, 17559679
995, 24497930, 19473486, 19917164, 19963583, 20874804, 23885439, 19525244, 20660457, 13289274, 19780786, 16441409, 18248277, 16280117, 19034397, 14363328, 18283758, 21203389, 18803755, 19043026